[2026-04-04T13:00:10.827Z] [error] Failed to load resource: the server responded with a status of 404 (Not Found)
[2026-04-04T13:00:10.829Z] [error] Failed to load resource: the server responded with a status of 404 (Not Found)
[2026-04-04T13:00:10.861Z] [error] Failed to load resource: the server responded with a status of 404 (Not Found)
[2026-04-04T13:00:10.866Z] [error] Failed to load resource: the server responded with a status of 404 (Not Found)
[2026-04-04T13:00:10.870Z] [error] Failed to load resource: the server responded with a status of 404 (Not Found)
[2026-04-04T13:00:11.864Z] [error] Failed to load resource: the server responded with a status of 404 (Not Found)
[2026-04-04T13:00:11.885Z] [info] %cDownload the React DevTools for a better development experience: https://react.dev/link/react-devtools font-weight:bold
[2026-04-04T13:00:11.953Z] [log] [HMR] connected
[2026-04-04T13:03:13.500Z] [log] [Fast Refresh] rebuilding
[2026-04-04T13:03:13.524Z] [log] [Fast Refresh] done in 62ms
[2026-04-04T13:03:57.291Z] [error] Failed to load resource: the server responded with a status of 404 (Not Found)
[2026-04-04T13:03:57.297Z] [error] Failed to load resource: the server responded with a status of 404 (Not Found)
[2026-04-04T13:03:57.314Z] [error] Failed to load resource: the server responded with a status of 404 (Not Found)
[2026-04-04T13:03:57.320Z] [error] Failed to load resource: the server responded with a status of 404 (Not Found)
[2026-04-04T13:03:57.338Z] [error] Failed to load resource: the server responded with a status of 404 (Not Found)
[2026-04-04T13:03:57.384Z] [error] Failed to load resource: the server responded with a status of 404 (Not Found)
[2026-04-04T13:03:57.397Z] [info] %cDownload the React DevTools for a better development experience: https://react.dev/link/react-devtools font-weight:bold
[2026-04-04T13:03:57.413Z] [log] [HMR] connected
[2026-04-04T13:08:32.114Z] [log] [Fast Refresh] rebuilding
[2026-04-04T13:08:32.207Z] [log] [Fast Refresh] done in 31ms
[2026-04-04T13:08:32.310Z] [log] [Fast Refresh] rebuilding
[2026-04-04T13:08:32.384Z] [log] [Fast Refresh] done in 174ms
[2026-04-04T13:09:44.911Z] [log] [Fast Refresh] rebuilding
[2026-04-04T13:09:44.936Z] [log] [Fast Refresh] done in 31ms
[2026-04-04T13:10:07.337Z] [log] [Fast Refresh] rebuilding
[2026-04-04T13:10:07.360Z] [log] [Fast Refresh] done in 34ms
[2026-04-04T13:10:21.654Z] [log] [Fast Refresh] rebuilding
[2026-04-04T13:10:21.674Z] [log] [Fast Refresh] done in 28ms
[2026-04-04T13:10:29.371Z] [log] [Fast Refresh] rebuilding
[2026-04-04T13:10:29.391Z] [log] [Fast Refresh] done in 43ms
[2026-04-04T13:10:45.375Z] [log] [Fast Refresh] rebuilding
[2026-04-04T13:10:45.395Z] [log] [Fast Refresh] done in 25ms
[2026-04-04T13:11:00.524Z] [log] [Fast Refresh] rebuilding
[2026-04-04T13:11:00.544Z] [log] [Fast Refresh] done in 40ms
[2026-04-04T13:11:12.879Z] [log] [Fast Refresh] rebuilding
[2026-04-04T13:11:12.898Z] [log] [Fast Refresh] done in 23ms
[2026-04-04T13:11:26.237Z] [log] [Fast Refresh] rebuilding
[2026-04-04T13:11:26.256Z] [log] [Fast Refresh] done in 28ms
[2026-04-04T13:11:41.006Z] [error] Failed to load resource: the server responded with a status of 404 (Not Found)
[2026-04-04T13:11:41.018Z] [error] Failed to load resource: the server responded with a status of 404 (Not Found)
[2026-04-04T13:11:41.034Z] [error] Failed to load resource: the server responded with a status of 404 (Not Found)
[2026-04-04T13:11:41.042Z] [error] Failed to load resource: the server responded with a status of 404 (Not Found)
[2026-04-04T13:11:41.058Z] [error] Failed to load resource: the server responded with a status of 404 (Not Found)
[2026-04-04T13:11:41.108Z] [error] Failed to load resource: the server responded with a status of 404 (Not Found)
[2026-04-04T13:11:41.110Z] [info] %cDownload the React DevTools for a better development experience: https://react.dev/link/react-devtools font-weight:bold
[2026-04-04T13:11:41.138Z] [log] [HMR] connected
[2026-04-04T13:12:15.917Z] [log] [Fast Refresh] rebuilding
[2026-04-04T13:12:15.919Z] [log] [Fast Refresh] done in 58ms
[2026-04-04T13:12:16.019Z] [log] [Fast Refresh] rebuilding
[2026-04-04T13:12:16.028Z] [log] [Fast Refresh] done in 109ms
[2026-04-04T13:12:37.383Z] [log] [Fast Refresh] rebuilding
[2026-04-04T13:12:37.413Z] [log] [Fast Refresh] done in 42ms
[2026-04-04T13:25:38.296Z] [log] [Fast Refresh] rebuilding
[2026-04-04T13:25:38.308Z] [log] [Fast Refresh] done in 81ms
[2026-04-04T13:25:45.059Z] [warning] Allow attribute will take precedence over 'allowfullscreen'.
[2026-04-04T13:25:49.342Z] [log] [Fast Refresh] rebuilding
[2026-04-04T13:25:49.372Z] [log] [Fast Refresh] done in 28ms
[2026-04-04T13:25:57.500Z] [log] [Fast Refresh] rebuilding
[2026-04-04T13:25:57.500Z] [warning] [Fast Refresh] performing full reload because your application had an unrecoverable error
[2026-04-04T13:25:57.588Z] [log] [Fast Refresh] done in 23ms
[2026-04-04T13:25:57.819Z] [info] %cDownload the React DevTools for a better development experience: https://react.dev/link/react-devtools font-weight:bold
[2026-04-04T13:25:57.845Z] [error] Failed to load resource: the server responded with a status of 404 (Not Found)
[2026-04-04T13:25:57.849Z] [log] [HMR] connected
[2026-04-04T13:25:59.336Z] [warning] Allow attribute will take precedence over 'allowfullscreen'.
[2026-04-04T13:33:51.915Z] [error] Failed to load resource: the server responded with a status of 404 (Not Found)
[2026-04-04T13:33:51.930Z] [info] %cDownload the React DevTools for a better development experience: https://react.dev/link/react-devtools font-weight:bold
[2026-04-04T13:33:51.945Z] [log] [HMR] connected
[2026-04-04T13:33:51.959Z] [error] A tree hydrated but some attributes of the server rendered HTML didn't match the client properties. This won't be patched up. This can happen if a SSR-ed Client Component used:

- A server/client branch `if (typeof window !== 'undefined')`.
- Variable input such as `Date.now()` or `Math.random()` which changes each time it's called.
- Date formatting in a user's locale which doesn't match the server.
- External changing data without sending a snapshot of it along with the HTML.
- Invalid HTML tag nesting.

It can also happen if the client has a browser extension installed which messes with the HTML before React loaded.

%s%s https://react.dev/link/hydration-mismatch 

  ...
    <InnerLayoutRouter url="/" tree={[...]} params={{}} cacheNode={{rsc:<Fragment>, ...}} segmentPath={[...]} ...>
      <SegmentViewNode type="page" pagePath="/aileen_ma...">
        <SegmentTrieNode>
        <ClientPageRoot Component={function Home} serverProvidedParams={{...}}>
          <Home params={Promise} searchParams={Promise}>
            <Header>
            <SnapContainer>
              <div className="snap-conta...">
                <SnapSection>
                <SnapSection>
                <SnapSection>
                ...
                  <div style={{...}}>
                    <div>
                    <div style={{display:"grid", ...}}>
                      <TurnDeck>
                      <CenterMixer>
                      <TurnDeck side="right" track={null} playing={false} pitch={0} dim={1} dropActive={false} ...>
                        <div style={{display:"flex", ...}}>
                          <div>
                          <div>
                          <div style={{borderRadius:8, ...}}>
                            <div>
                            <PitchFader pitch={0} onChange={function bound dispatchSetState}>
                              <div style={{display:"flex", ...}}>
                                <p>
                                <div style={{position:"...", ...}}>
                                  <div>
                                  <div>
                                  <input
                                    type="range"
                                    min={-8}
                                    max={8}
                                    step={0.1}
                                    value={0}
                                    onChange={function onChange}
                                    style={{
+                                     writingMode: "vertical-lr"
+                                     direction: "rtl"
-                                     direction: "rtl"
+                                     position: "absolute"
-                                     position: "absolute"
+                                     height: "100%"
-                                     height: "100%"
+                                     width: 30
-                                     width: "30px"
+                                     left: -8
-                                     left: "-8px"
+                                     opacity: 0
-                                     opacity: "0"
+                                     cursor: "pointer"
-                                     cursor: "pointer"
+                                     margin: 0
-                                     writing-mode: "vertical-lr"
-                                     margin-top: "0px"
-                                     margin-right: "0px"
-                                     margin-bottom: "0px"
-                                     margin-left: "0px"
-                                     caret-color: "transparent"
                                    }}
                                  >
                                  ...
                                ...
                            ...
                <SnapSection>
                <SnapSection>
                <SnapSection id="contact">
                  <div ref={{current:null}} id="contact" className="snap-section">
                    <div className="h-full fle...">
                      <div className="mx-auto w-...">
                        <div>
                        <div className="anim-left ...">
                          <div>
                          <div className="border bor...">
                            <div className="border-b b...">
                              <p>
                              <input
                                className="w-full bg-transparent text-sm tracking-[0.2em] text-white/60 outline-none p..."
                                placeholder="Your name"
-                               style={{caret-color:"transparent"}}
                              >
                            <div className="border-b b...">
                              <p>
                              <input
                                className="w-full bg-transparent text-sm tracking-[0.2em] text-white/60 outline-none p..."
                                placeholder="Your email"
-                               style={{caret-color:"transparent"}}
                              >
                            <div className="border-b b...">
                              <p>
                              <textarea
                                className="w-full bg-transparent text-sm tracking-[0.2em] text-white/60 outline-none p..."
                                placeholder="Your message"
-                               style={{caret-color:"transparent"}}
                              >
                            ...
                ...
      ...

[2026-04-04T13:33:53.021Z] [warning] Allow attribute will take precedence over 'allowfullscreen'.
[2026-04-04T13:35:51.404Z] [info] %cDownload the React DevTools for a better development experience: https://react.dev/link/react-devtools font-weight:bold
[2026-04-04T13:35:51.411Z] [error] Failed to load resource: the server responded with a status of 404 (Not Found)
[2026-04-04T13:35:51.431Z] [log] [HMR] connected
[2026-04-04T13:35:51.818Z] [warning] Allow attribute will take precedence over 'allowfullscreen'.
[2026-04-04T13:42:25.694Z] [error] Failed to load resource: the server responded with a status of 404 (Not Found)
[2026-04-04T13:42:25.704Z] [info] %cDownload the React DevTools for a better development experience: https://react.dev/link/react-devtools font-weight:bold
[2026-04-04T13:42:25.727Z] [log] [HMR] connected
[2026-04-04T13:42:27.355Z] [warning] Allow attribute will take precedence over 'allowfullscreen'.
[2026-04-04T13:44:40.072Z] [log] [Fast Refresh] rebuilding
[2026-04-04T13:44:40.086Z] [log] [Fast Refresh] done in 37ms
[2026-04-04T13:45:33.390Z] [log] [Fast Refresh] rebuilding
[2026-04-04T13:45:33.403Z] [log] [Fast Refresh] done in 30ms
[2026-04-04T13:45:46.499Z] [log] [Fast Refresh] rebuilding
[2026-04-04T13:45:46.532Z] [log] [Fast Refresh] done in 31ms
[2026-04-04T13:45:59.398Z] [log] [Fast Refresh] rebuilding
[2026-04-04T13:45:59.412Z] [log] [Fast Refresh] done in 47ms
[2026-04-04T13:46:54.189Z] [log] [Fast Refresh] rebuilding
[2026-04-04T13:46:54.200Z] [log] [Fast Refresh] done in 35ms
[2026-04-04T13:47:23.819Z] [log] [Fast Refresh] rebuilding
[2026-04-04T13:47:23.899Z] [log] [Fast Refresh] done in 41ms
[2026-04-04T13:47:35.587Z] [error] Failed to load resource: net::ERR_CONNECTION_CLOSED
[2026-04-04T13:47:36.389Z] [error] Failed to load resource: net::ERR_CONNECTION_CLOSED
[2026-04-04T13:47:37.262Z] [error] Failed to load resource: net::ERR_CONNECTION_CLOSED
[2026-04-04T13:47:37.658Z] [error] Failed to load resource: the server responded with a status of 404 (Not Found)
[2026-04-04T13:47:37.668Z] [info] %cDownload the React DevTools for a better development experience: https://react.dev/link/react-devtools font-weight:bold
[2026-04-04T13:47:37.700Z] [log] [HMR] connected
[2026-04-04T13:47:38.077Z] [warning] Allow attribute will take precedence over 'allowfullscreen'.
[2026-04-04T13:47:41.097Z] [error] Failed to load resource: net::ERR_CONNECTION_CLOSED
[2026-04-04T13:47:42.698Z] [error] Failed to load resource: net::ERR_CONNECTION_CLOSED
[2026-04-04T13:47:44.046Z] [error] Failed to load resource: net::ERR_CONNECTION_CLOSED
[2026-04-04T13:47:44.216Z] [error] Failed to load resource: net::ERR_CONNECTION_CLOSED
[2026-04-04T13:47:45.619Z] [error] Failed to load resource: net::ERR_CONNECTION_CLOSED
[2026-04-04T13:47:45.952Z] [error] Failed to load resource: net::ERR_CONNECTION_CLOSED
[2026-04-04T13:47:45.991Z] [error] Failed to load resource: net::ERR_CONNECTION_CLOSED
[2026-04-04T13:47:46.383Z] [error] Failed to load resource: net::ERR_CONNECTION_CLOSED
[2026-04-04T13:47:46.955Z] [error] Failed to load resource: net::ERR_CONNECTION_CLOSED
[2026-04-04T13:47:48.400Z] [error] Failed to load resource: net::ERR_CONNECTION_CLOSED
[2026-04-04T13:47:49.138Z] [error] Failed to load resource: net::ERR_CONNECTION_CLOSED
[2026-04-04T13:47:50.619Z] [error] Failed to load resource: net::ERR_CONNECTION_CLOSED
[2026-04-04T13:47:53.264Z] [error] Failed to load resource: net::ERR_CONNECTION_CLOSED
[2026-04-04T13:47:53.653Z] [error] Failed to load resource: net::ERR_CONNECTION_CLOSED
[2026-04-04T13:47:53.689Z] [error] Failed to load resource: net::ERR_CONNECTION_CLOSED
[2026-04-04T13:47:54.091Z] [error] Failed to load resource: net::ERR_CONNECTION_CLOSED
[2026-04-04T13:47:54.102Z] [error] Failed to load resource: net::ERR_CONNECTION_CLOSED
[2026-04-04T13:47:54.515Z] [error] Failed to load resource: net::ERR_CONNECTION_CLOSED
[2026-04-04T13:47:54.528Z] [error] Failed to load resource: net::ERR_CONNECTION_CLOSED
[2026-04-04T13:47:54.952Z] [error] Failed to load resource: net::ERR_CONNECTION_CLOSED
[2026-04-04T13:47:54.953Z] [error] Failed to load resource: net::ERR_CONNECTION_CLOSED
[2026-04-04T13:47:54.957Z] [error] Failed to load resource: net::ERR_CONNECTION_CLOSED
[2026-04-04T13:47:55.821Z] [error] Failed to load resource: net::ERR_CONNECTION_CLOSED
[2026-04-04T13:47:56.008Z] [error] Failed to load resource: net::ERR_CONNECTION_CLOSED
[2026-04-04T13:47:58.661Z] [error] Failed to load resource: net::ERR_CONNECTION_CLOSED
[2026-04-04T13:48:01.418Z] [error] Failed to load resource: net::ERR_CONNECTION_CLOSED
[2026-04-04T13:48:03.646Z] [error] Failed to load resource: net::ERR_CONNECTION_CLOSED
[2026-04-04T13:48:03.652Z] [error] Failed to load resource: net::ERR_CONNECTION_CLOSED
[2026-04-04T13:48:03.652Z] [error] Failed to load resource: net::ERR_CONNECTION_CLOSED
[2026-04-04T13:48:06.945Z] [error] Failed to load resource: net::ERR_CONNECTION_CLOSED
[2026-04-04T13:48:08.586Z] [error] Failed to load resource: net::ERR_CONNECTION_CLOSED
[2026-04-04T13:48:09.450Z] [error] Failed to load resource: net::ERR_CONNECTION_CLOSED
[2026-04-04T13:48:10.242Z] [error] Failed to load resource: net::ERR_CONNECTION_CLOSED
[2026-04-04T13:48:11.022Z] [error] Failed to load resource: net::ERR_CONNECTION_CLOSED
[2026-04-04T13:48:11.818Z] [error] Failed to load resource: net::ERR_CONNECTION_CLOSED
[2026-04-04T13:48:16.413Z] [error] Failed to load resource: net::ERR_CONNECTION_CLOSED
[2026-04-04T13:48:16.430Z] [error] Failed to load resource: net::ERR_CONNECTION_CLOSED
[2026-04-04T13:48:18.637Z] [error] Failed to load resource: net::ERR_CONNECTION_CLOSED
[2026-04-04T13:48:19.097Z] [error] Failed to load resource: net::ERR_CONNECTION_CLOSED
[2026-04-04T13:48:22.960Z] [error] Failed to load resource: net::ERR_CONNECTION_CLOSED
[2026-04-04T14:04:36.706Z] [log] [Fast Refresh] rebuilding
[2026-04-04T14:04:36.809Z] [log] [Fast Refresh] done in 60ms
[2026-04-04T14:05:58.841Z] [log] [Fast Refresh] rebuilding
[2026-04-04T14:05:58.855Z] [log] [Fast Refresh] done in 36ms
[2026-04-04T14:06:44.851Z] [log] [Fast Refresh] rebuilding
[2026-04-04T14:06:44.879Z] [log] [Fast Refresh] done in 56ms
[2026-04-04T14:12:50.608Z] [error] Failed to load resource: the server responded with a status of 404 (Not Found)
[2026-04-04T14:12:50.626Z] [info] %cDownload the React DevTools for a better development experience: https://react.dev/link/react-devtools font-weight:bold
[2026-04-04T14:12:50.659Z] [log] [HMR] connected
[2026-04-04T14:12:52.897Z] [warning] Allow attribute will take precedence over 'allowfullscreen'.
[2026-04-04T14:21:40.636Z] [log] [Fast Refresh] rebuilding
[2026-04-04T14:21:40.662Z] [log] [Fast Refresh] done in 33ms
[2026-04-04T14:22:25.543Z] [log] [Fast Refresh] rebuilding
[2026-04-04T14:22:25.572Z] [log] [Fast Refresh] done in 22ms
[2026-04-04T14:23:09.501Z] [log] [Fast Refresh] rebuilding
[2026-04-04T14:23:09.529Z] [log] [Fast Refresh] done in 20ms
[2026-04-04T14:32:49.696Z] [log] [Fast Refresh] rebuilding
[2026-04-04T14:32:49.802Z] [log] [Fast Refresh] done in 194ms
