[2026-04-04T13:00:10.598Z] GET http://localhost:3000/ → pending (?ms, ?B)
[2026-04-04T13:00:10.802Z] GET http://localhost:3000/albums/01-convextion.jpg → 404 (25ms, 3278B)
[2026-04-04T13:00:10.802Z] GET http://localhost:3000/albums/02-monaco.jpg → 404 (27ms, 3278B)
[2026-04-04T13:00:10.802Z] GET http://localhost:3000/albums/03-powerpuff.jpg → 404 (59ms, 3278B)
[2026-04-04T13:00:10.802Z] GET http://localhost:3000/albums/04-theoneyouwanted.jpg → 404 (64ms, 3278B)
[2026-04-04T13:00:10.802Z] GET http://localhost:3000/albums/05-portrait.jpg → 404 (68ms, 3278B)
[2026-04-04T13:00:10.802Z] GET http://localhost:3000/_next/static/chunks/aileen_machina_aileena-new_app_globals_b11db9ec.css → 200 (30ms, 42141B)
[2026-04-04T13:00:10.802Z] GET http://localhost:3000/_next/static/chunks/%5Bturbopack%5D_browser_dev_hmr-client_hmr-client_ts_d5588501._.js → 200 (68ms, 671B)
[2026-04-04T13:00:10.802Z] GET http://localhost:3000/_next/static/chunks/e2357_next_dist_compiled_react-dom_7f25d0b5._.js → 200 (113ms, 1050932B)
[2026-04-04T13:00:10.802Z] GET http://localhost:3000/_next/static/chunks/e2357_next_dist_compiled_react-server-dom-turbopack_42a4d42a._.js → 200 (74ms, 172522B)
[2026-04-04T13:00:10.802Z] GET http://localhost:3000/_next/static/chunks/e2357_next_dist_compiled_next-devtools_index_4cd41c58.js → 200 (113ms, 816163B)
[2026-04-04T13:00:10.802Z] GET http://localhost:3000/_next/static/chunks/e2357_next_dist_compiled_73c62a6b._.js → 200 (79ms, 150443B)
[2026-04-04T13:00:10.802Z] GET http://localhost:3000/_next/static/chunks/e2357_next_dist_client_1c0fd22f._.js → 200 (98ms, 683969B)
[2026-04-04T13:00:10.802Z] GET http://localhost:3000/_next/static/chunks/e2357_next_dist_1ebe1607._.js → 200 (83ms, 232163B)
[2026-04-04T13:00:10.802Z] GET http://localhost:3000/_next/static/chunks/943aa_%40swc_helpers_cjs_7d842ae3._.js → 200 (79ms, 2104B)
[2026-04-04T13:00:10.802Z] GET http://localhost:3000/_next/static/chunks/aileen_machina_aileena-new_a0ff3932._.js → 200 (81ms, 734B)
[2026-04-04T13:00:10.802Z] GET http://localhost:3000/_next/static/chunks/turbopack-aileen_machina_aileena-new_53ece42e._.js → 200 (88ms, 75189B)
[2026-04-04T13:00:10.802Z] GET http://localhost:3000/_next/static/chunks/e2357_next_dist_cea148d3._.js → 200 (91ms, 141382B)
[2026-04-04T13:00:10.802Z] GET http://localhost:3000/_next/static/chunks/aileen_machina_aileena-new_app_favicon_ico_mjs_c261d991._.js → 200 (84ms, 255B)
[2026-04-04T13:00:10.802Z] GET http://localhost:3000/_next/static/chunks/aileen_machina_aileena-new_80337b51._.js → 200 (91ms, 18915B)
[2026-04-04T13:00:10.803Z] GET http://localhost:3000/_next/static/chunks/aileen_machina_aileena-new_app_layout_tsx_4635c172._.js → 200 (87ms, 337B)
[2026-04-04T13:00:10.803Z] GET http://localhost:3000/_next/static/chunks/aileen_machina_aileena-new_39b33764._.js → 200 (97ms, 287862B)
[2026-04-04T13:00:10.803Z] GET http://localhost:3000/_next/static/chunks/e2357_next_dist_31eab5e4._.js → 200 (91ms, 42624B)
[2026-04-04T13:00:10.803Z] GET http://localhost:3000/_next/static/chunks/aileen_machina_aileena-new_app_page_tsx_fa05ddd0._.js → 200 (91ms, 315B)
[2026-04-04T13:00:10.803Z] GET http://localhost:3000/_next/static/chunks/e2357_next_dist_client_components_builtin_global-error_4635c172.js → 200 (97ms, 206B)
[2026-04-04T13:00:10.834Z] GET https://fonts.googleapis.com/css2?family=Orbitron:wght@900&family=Barlow+Condensed:wght@300;400;700&display=swap → pending (?ms, ?B)
[2026-04-04T13:00:11.863Z] GET http://localhost:3000/bg_pic/04.jpeg → 200 (1ms, 365841B)
[2026-04-04T13:00:11.863Z] GET http://localhost:3000/bg_pic/03.jpeg → 200 (1ms, 632473B)
[2026-04-04T13:00:11.863Z] GET http://localhost:3000/bg_pic/01.jpeg → 404 (1ms, 21384B)
[2026-04-04T13:00:11.863Z] GET http://localhost:3000/bg_pic/02.jpeg → 200 (1ms, 381935B)
[2026-04-04T13:00:11.863Z] GET https://fonts.gstatic.com/s/barlowcondensed/v13/HTx3L3I-JCGChYJ8VI-L6OO_au7B6xHT2lv0tKk.woff2 → pending (?ms, ?B)
[2026-04-04T13:00:11.863Z] GET https://fonts.gstatic.com/s/barlowcondensed/v13/HTxwL3I-JCGChYJ8VI-L6OO_au7B46r2z3bWuYMBYro.woff2 → pending (?ms, ?B)
[2026-04-04T13:00:11.863Z] GET https://fonts.gstatic.com/s/barlowcondensed/v13/HTxwL3I-JCGChYJ8VI-L6OO_au7B47rxz3bWuYMBYro.woff2 → pending (?ms, ?B)
[2026-04-04T13:00:11.929Z] GET http://localhost:3000/_next/static/chunks/%5Bturbopack%5D_browser_dev_hmr-client_hmr-client_ts_c8c997ce._.js → 200 (8ms, 15433B)
[2026-04-04T13:00:11.930Z] GET http://localhost:3000/_next/static/chunks/%5Bturbopack%5D_browser_dev_hmr-client_hmr-client_ts_1971e4eb._.js → 200 (7ms, 288B)
[2026-04-04T13:03:13.512Z] GET http://localhost:3000/_next/static/chunks/aileen_machina_aileena-new_app_globals_b11db9ec.css → 200 (?ms, 42859B)
[2026-04-04T13:03:57.113Z] GET http://localhost:3000/ → 200 (129ms, 65388B)
[2026-04-04T13:03:57.244Z] GET http://localhost:3000/albums/01-convextion.jpg → 404 (47ms, 3278B)
[2026-04-04T13:03:57.244Z] GET http://localhost:3000/albums/02-monaco.jpg → 404 (53ms, 3278B)
[2026-04-04T13:03:57.244Z] GET http://localhost:3000/albums/03-powerpuff.jpg → 404 (70ms, 3278B)
[2026-04-04T13:03:57.244Z] GET http://localhost:3000/albums/04-theoneyouwanted.jpg → 404 (76ms, 3278B)
[2026-04-04T13:03:57.244Z] GET http://localhost:3000/albums/05-portrait.jpg → 404 (94ms, 3278B)
[2026-04-04T13:03:57.246Z] GET http://localhost:3000/_next/static/chunks/aileen_machina_aileena-new_app_globals_b11db9ec.css → 200 (25ms, 42859B)
[2026-04-04T13:03:57.246Z] GET http://localhost:3000/_next/static/chunks/%5Bturbopack%5D_browser_dev_hmr-client_hmr-client_ts_d5588501._.js → 200 (92ms, 671B)
[2026-04-04T13:03:57.246Z] GET http://localhost:3000/_next/static/chunks/e2357_next_dist_compiled_react-dom_7f25d0b5._.js → 200 (150ms, 1050932B)
[2026-04-04T13:03:57.246Z] GET http://localhost:3000/_next/static/chunks/e2357_next_dist_compiled_react-server-dom-turbopack_42a4d42a._.js → 200 (101ms, 172522B)
[2026-04-04T13:03:57.246Z] GET http://localhost:3000/_next/static/chunks/e2357_next_dist_compiled_next-devtools_index_4cd41c58.js → 200 (138ms, 816163B)
[2026-04-04T13:03:57.246Z] GET http://localhost:3000/_next/static/chunks/e2357_next_dist_compiled_73c62a6b._.js → 200 (101ms, 150443B)
[2026-04-04T13:03:57.246Z] GET http://localhost:3000/_next/static/chunks/e2357_next_dist_client_1c0fd22f._.js → 200 (123ms, 683969B)
[2026-04-04T13:03:57.246Z] GET http://localhost:3000/_next/static/chunks/e2357_next_dist_1ebe1607._.js → 200 (106ms, 232163B)
[2026-04-04T13:03:57.246Z] GET http://localhost:3000/_next/static/chunks/943aa_%40swc_helpers_cjs_7d842ae3._.js → 200 (107ms, 2104B)
[2026-04-04T13:03:57.246Z] GET http://localhost:3000/_next/static/chunks/aileen_machina_aileena-new_a0ff3932._.js → 200 (105ms, 734B)
[2026-04-04T13:03:57.246Z] GET http://localhost:3000/_next/static/chunks/turbopack-aileen_machina_aileena-new_53ece42e._.js → 200 (113ms, 75189B)
[2026-04-04T13:03:57.246Z] GET http://localhost:3000/_next/static/chunks/e2357_next_dist_cea148d3._.js → 200 (115ms, 141382B)
[2026-04-04T13:03:57.246Z] GET http://localhost:3000/_next/static/chunks/aileen_machina_aileena-new_app_favicon_ico_mjs_c261d991._.js → 200 (112ms, 255B)
[2026-04-04T13:03:57.246Z] GET http://localhost:3000/_next/static/chunks/aileen_machina_aileena-new_80337b51._.js → 200 (113ms, 18915B)
[2026-04-04T13:03:57.247Z] GET http://localhost:3000/_next/static/chunks/aileen_machina_aileena-new_app_layout_tsx_4635c172._.js → 200 (114ms, 337B)
[2026-04-04T13:03:57.247Z] GET http://localhost:3000/_next/static/chunks/aileen_machina_aileena-new_39b33764._.js → 200 (121ms, 287835B)
[2026-04-04T13:03:57.247Z] GET http://localhost:3000/_next/static/chunks/e2357_next_dist_31eab5e4._.js → 200 (117ms, 42624B)
[2026-04-04T13:03:57.247Z] GET http://localhost:3000/_next/static/chunks/aileen_machina_aileena-new_app_page_tsx_fa05ddd0._.js → 200 (117ms, 315B)
[2026-04-04T13:03:57.247Z] GET http://localhost:3000/_next/static/chunks/e2357_next_dist_client_components_builtin_global-error_4635c172.js → 200 (120ms, 206B)
[2026-04-04T13:03:57.289Z] GET https://fonts.googleapis.com/css2?family=Orbitron:wght@900&family=Barlow+Condensed:wght@300;400;700&display=swap → 200 (1ms, 4461B)
[2026-04-04T13:03:57.304Z] GET https://fonts.gstatic.com/s/barlowcondensed/v13/HTxwL3I-JCGChYJ8VI-L6OO_au7B47rxz3bWuYMBYro.woff2 → 200 (?ms, ?B)
[2026-04-04T13:03:57.304Z] GET https://fonts.gstatic.com/s/barlowcondensed/v13/HTx3L3I-JCGChYJ8VI-L6OO_au7B6xHT2lv0tKk.woff2 → 200 (?ms, ?B)
[2026-04-04T13:03:57.304Z] GET https://fonts.gstatic.com/s/barlowcondensed/v13/HTxwL3I-JCGChYJ8VI-L6OO_au7B46r2z3bWuYMBYro.woff2 → 200 (?ms, ?B)
[2026-04-04T13:03:57.304Z] GET http://localhost:3000/bg_pic/04.jpeg → 304 (18ms, ?B)
[2026-04-04T13:03:57.304Z] GET http://localhost:3000/bg_pic/03.jpeg → 304 (62ms, ?B)
[2026-04-04T13:03:57.304Z] GET http://localhost:3000/bg_pic/01.jpeg → 404 (80ms, 3278B)
[2026-04-04T13:03:57.304Z] GET http://localhost:3000/bg_pic/02.jpeg → 304 (71ms, ?B)
[2026-04-04T13:03:57.402Z] GET http://localhost:3000/_next/static/chunks/%5Bturbopack%5D_browser_dev_hmr-client_hmr-client_ts_c8c997ce._.js → 200 (5ms, 15433B)
[2026-04-04T13:03:57.402Z] GET http://localhost:3000/_next/static/chunks/%5Bturbopack%5D_browser_dev_hmr-client_hmr-client_ts_1971e4eb._.js → 200 (5ms, 288B)
[2026-04-04T13:08:32.118Z] GET http://localhost:3000/?_rsc=1ch6o → pending (?ms, ?B)
[2026-04-04T13:08:32.118Z] GET http://localhost:3000/?_rsc=1ch6o → pending (?ms, ?B)
[2026-04-04T13:08:32.119Z] GET http://localhost:3000/?_rsc=1ch6o → pending (?ms, ?B)
[2026-04-04T13:08:32.119Z] GET http://localhost:3000/?_rsc=1ch6o → pending (?ms, ?B)
[2026-04-04T13:08:32.119Z] GET http://localhost:3000/?_rsc=1ch6o → pending (?ms, ?B)
[2026-04-04T13:08:32.120Z] GET http://localhost:3000/?_rsc=1ch6o → pending (?ms, ?B)
[2026-04-04T13:08:32.121Z] GET http://localhost:3000/?_rsc=1ch6o → pending (?ms, ?B)
[2026-04-04T13:08:32.121Z] GET http://localhost:3000/?_rsc=1ch6o → pending (?ms, ?B)
[2026-04-04T13:08:32.122Z] GET http://localhost:3000/?_rsc=1ch6o → pending (?ms, ?B)
[2026-04-04T13:08:32.128Z] GET http://localhost:3000/?_rsc=1ch6o → pending (?ms, ?B)
[2026-04-04T13:09:44.923Z] GET http://localhost:3000/_next/static/chunks/aileen_machina_aileena-new_app_globals_b11db9ec.css → 200 (1ms, 43500B)
[2026-04-04T13:10:07.348Z] GET http://localhost:3000/_next/static/chunks/aileen_machina_aileena-new_app_globals_b11db9ec.css → 200 (?ms, 43786B)
[2026-04-04T13:11:40.796Z] GET http://localhost:3000/ → 200 (136ms, 65227B)
[2026-04-04T13:11:40.934Z] GET http://localhost:3000/albums/01-convextion.jpg → 404 (72ms, 3278B)
[2026-04-04T13:11:40.934Z] GET http://localhost:3000/albums/02-monaco.jpg → 404 (84ms, 3278B)
[2026-04-04T13:11:40.935Z] GET http://localhost:3000/albums/03-powerpuff.jpg → 404 (99ms, 3278B)
[2026-04-04T13:11:40.935Z] GET http://localhost:3000/albums/04-theoneyouwanted.jpg → 404 (107ms, 3278B)
[2026-04-04T13:11:40.935Z] GET http://localhost:3000/albums/05-portrait.jpg → 404 (123ms, 3278B)
[2026-04-04T13:11:40.938Z] GET http://localhost:3000/_next/static/chunks/aileen_machina_aileena-new_app_globals_b11db9ec.css → 200 (55ms, 43786B)
[2026-04-04T13:11:40.938Z] GET http://localhost:3000/_next/static/chunks/%5Bturbopack%5D_browser_dev_hmr-client_hmr-client_ts_d5588501._.js → 200 (120ms, 671B)
[2026-04-04T13:11:40.938Z] GET http://localhost:3000/_next/static/chunks/e2357_next_dist_compiled_react-dom_7f25d0b5._.js → 200 (170ms, 1050932B)
[2026-04-04T13:11:40.938Z] GET http://localhost:3000/_next/static/chunks/e2357_next_dist_compiled_react-server-dom-turbopack_42a4d42a._.js → 200 (129ms, 172522B)
[2026-04-04T13:11:40.938Z] GET http://localhost:3000/_next/static/chunks/e2357_next_dist_compiled_next-devtools_index_4cd41c58.js → 200 (171ms, 816163B)
[2026-04-04T13:11:40.938Z] GET http://localhost:3000/_next/static/chunks/e2357_next_dist_compiled_73c62a6b._.js → 200 (130ms, 150443B)
[2026-04-04T13:11:40.938Z] GET http://localhost:3000/_next/static/chunks/e2357_next_dist_client_1c0fd22f._.js → 200 (153ms, 683969B)
[2026-04-04T13:11:40.938Z] GET http://localhost:3000/_next/static/chunks/e2357_next_dist_1ebe1607._.js → 200 (136ms, 232163B)
[2026-04-04T13:11:40.939Z] GET http://localhost:3000/_next/static/chunks/943aa_%40swc_helpers_cjs_7d842ae3._.js → 200 (134ms, 2104B)
[2026-04-04T13:11:40.939Z] GET http://localhost:3000/_next/static/chunks/aileen_machina_aileena-new_a0ff3932._.js → 200 (134ms, 734B)
[2026-04-04T13:11:40.939Z] GET http://localhost:3000/_next/static/chunks/turbopack-aileen_machina_aileena-new_53ece42e._.js → 200 (141ms, 75189B)
[2026-04-04T13:11:40.939Z] GET http://localhost:3000/_next/static/chunks/e2357_next_dist_cea148d3._.js → 200 (142ms, 141382B)
[2026-04-04T13:11:40.939Z] GET http://localhost:3000/_next/static/chunks/aileen_machina_aileena-new_app_favicon_ico_mjs_c261d991._.js → 200 (141ms, 255B)
[2026-04-04T13:11:40.939Z] GET http://localhost:3000/_next/static/chunks/aileen_machina_aileena-new_80337b51._.js → 200 (146ms, 18915B)
[2026-04-04T13:11:40.939Z] GET http://localhost:3000/_next/static/chunks/aileen_machina_aileena-new_app_layout_tsx_4635c172._.js → 200 (145ms, 337B)
[2026-04-04T13:11:40.939Z] GET http://localhost:3000/_next/static/chunks/aileen_machina_aileena-new_39b33764._.js → 200 (151ms, 287740B)
[2026-04-04T13:11:40.939Z] GET http://localhost:3000/_next/static/chunks/e2357_next_dist_31eab5e4._.js → 200 (150ms, 42624B)
[2026-04-04T13:11:40.939Z] GET http://localhost:3000/_next/static/chunks/aileen_machina_aileena-new_app_page_tsx_fa05ddd0._.js → 200 (148ms, 315B)
[2026-04-04T13:11:40.939Z] GET http://localhost:3000/_next/static/chunks/e2357_next_dist_client_components_builtin_global-error_4635c172.js → 200 (151ms, 206B)
[2026-04-04T13:11:41.005Z] GET https://fonts.googleapis.com/css2?family=Orbitron:wght@900&family=Barlow+Condensed:wght@300;400;700&display=swap → 200 (?ms, 4461B)
[2026-04-04T13:11:41.017Z] GET https://fonts.gstatic.com/s/barlowcondensed/v13/HTxwL3I-JCGChYJ8VI-L6OO_au7B47rxz3bWuYMBYro.woff2 → 200 (?ms, ?B)
[2026-04-04T13:11:41.017Z] GET https://fonts.gstatic.com/s/barlowcondensed/v13/HTx3L3I-JCGChYJ8VI-L6OO_au7B6xHT2lv0tKk.woff2 → 200 (?ms, ?B)
[2026-04-04T13:11:41.017Z] GET https://fonts.gstatic.com/s/barlowcondensed/v13/HTxwL3I-JCGChYJ8VI-L6OO_au7B46r2z3bWuYMBYro.woff2 → 200 (?ms, ?B)
[2026-04-04T13:11:41.018Z] GET http://localhost:3000/bg_pic/04.jpeg → 304 (24ms, ?B)
[2026-04-04T13:11:41.018Z] GET http://localhost:3000/bg_pic/03.jpeg → 304 (72ms, ?B)
[2026-04-04T13:11:41.018Z] GET http://localhost:3000/bg_pic/01.jpeg → 404 (90ms, 3278B)
[2026-04-04T13:11:41.018Z] GET http://localhost:3000/bg_pic/02.jpeg → 304 (74ms, ?B)
[2026-04-04T13:11:41.116Z] GET http://localhost:3000/_next/static/chunks/%5Bturbopack%5D_browser_dev_hmr-client_hmr-client_ts_c8c997ce._.js → 200 (16ms, 15433B)
[2026-04-04T13:11:41.116Z] GET http://localhost:3000/_next/static/chunks/%5Bturbopack%5D_browser_dev_hmr-client_hmr-client_ts_1971e4eb._.js → 200 (16ms, 288B)
[2026-04-04T13:12:15.918Z] GET http://localhost:3000/_next/static/chunks/aileen_machina_aileena-new_app_globals_b11db9ec.css → 200 (3ms, 44504B)
[2026-04-04T13:12:15.919Z] GET http://localhost:3000/api/spotify → pending (?ms, ?B)
[2026-04-04T13:12:37.383Z] GET http://localhost:3000/_next/static/chunks/aileen_machina_aileena-new_app_globals_b11db9ec.css → 200 (2ms, 41731B)
[2026-04-04T13:25:38.308Z] GET https://open.spotify.com/embed/iframe-api/v1 → pending (?ms, ?B)
[2026-04-04T13:25:38.308Z] GET https://image-cdn-fa.spotifycdn.com/image/ab67616d00001e028508f29ab91bfcce74f86ef5 → pending (?ms, ?B)
[2026-04-04T13:25:38.308Z] GET https://image-cdn-fa.spotifycdn.com/image/ab67616d00001e02a388a3f20d1bf2123249cc79 → pending (?ms, ?B)
[2026-04-04T13:25:38.308Z] GET https://image-cdn-ak.spotifycdn.com/image/ab67616d00001e02c1456e351abb6d5b1a8ffbef → pending (?ms, ?B)
[2026-04-04T13:25:38.308Z] GET https://image-cdn-fa.spotifycdn.com/image/ab67616d00001e029d28fd01859073a3ae6ea209 → pending (?ms, ?B)
[2026-04-04T13:25:38.308Z] GET https://image-cdn-ak.spotifycdn.com/image/ab67616d00001e023108f7d165756b51d81ea3ba → pending (?ms, ?B)
[2026-04-04T13:25:38.308Z] GET https://image-cdn-fa.spotifycdn.com/image/ab67616d00001e02fad7ae8dfc681c2f9f8333ef → pending (?ms, ?B)
[2026-04-04T13:25:39.348Z] GET https://embed-cdn.spotifycdn.com/_next/static/iframe_api.7361590900b57700c029.js → pending (?ms, ?B)
[2026-04-04T13:25:49.373Z] POST http://localhost:3000/__nextjs_original-stack-frames → 200 (9ms, 19335B)
[2026-04-04T13:25:49.381Z] GET http://localhost:3000/__nextjs_font/geist-latin.woff2 → 200 (43ms, 28356B)
[2026-04-04T13:25:49.424Z] GET http://localhost:3000/__nextjs_font/geist-mono-latin.woff2 → 200 (?ms, 31288B)
[2026-04-04T13:25:57.501Z] GET http://localhost:3000/ → 200 (172ms, 65311B)
[2026-04-04T13:25:57.526Z] GET http://localhost:3000/bg_pic/01.jpeg → pending (?ms, ?B)
[2026-04-04T13:25:57.675Z] GET https://image-cdn-fa.spotifycdn.com/image/ab67616d00001e028508f29ab91bfcce74f86ef5 → 200 (1ms, 38965B)
[2026-04-04T13:25:57.676Z] GET https://image-cdn-fa.spotifycdn.com/image/ab67616d00001e02a388a3f20d1bf2123249cc79 → 200 (?ms, 15297B)
[2026-04-04T13:25:57.677Z] GET https://image-cdn-ak.spotifycdn.com/image/ab67616d00001e02c1456e351abb6d5b1a8ffbef → 200 (?ms, 50430B)
[2026-04-04T13:25:57.678Z] GET https://image-cdn-fa.spotifycdn.com/image/ab67616d00001e029d28fd01859073a3ae6ea209 → 200 (?ms, 63343B)
[2026-04-04T13:25:57.678Z] GET https://image-cdn-ak.spotifycdn.com/image/ab67616d00001e023108f7d165756b51d81ea3ba → 200 (1ms, 33052B)
[2026-04-04T13:25:57.682Z] GET https://image-cdn-fa.spotifycdn.com/image/ab67616d00001e02fad7ae8dfc681c2f9f8333ef → 200 (?ms, 4312B)
[2026-04-04T13:25:57.683Z] GET http://localhost:3000/_next/static/chunks/aileen_machina_aileena-new_app_globals_b11db9ec.css → 200 (24ms, 41731B)
[2026-04-04T13:25:57.683Z] GET http://localhost:3000/_next/static/chunks/%5Bturbopack%5D_browser_dev_hmr-client_hmr-client_ts_d5588501._.js → 200 (25ms, 671B)
[2026-04-04T13:25:57.683Z] GET http://localhost:3000/_next/static/chunks/e2357_next_dist_compiled_react-dom_7f25d0b5._.js → 200 (127ms, 1050932B)
[2026-04-04T13:25:57.683Z] GET http://localhost:3000/_next/static/chunks/e2357_next_dist_compiled_react-server-dom-turbopack_42a4d42a._.js → 200 (48ms, 172522B)
[2026-04-04T13:25:57.683Z] GET http://localhost:3000/_next/static/chunks/e2357_next_dist_compiled_next-devtools_index_4cd41c58.js → 200 (135ms, 816163B)
[2026-04-04T13:25:57.683Z] GET http://localhost:3000/_next/static/chunks/e2357_next_dist_compiled_73c62a6b._.js → 200 (71ms, 150443B)
[2026-04-04T13:25:57.683Z] GET http://localhost:3000/_next/static/chunks/e2357_next_dist_client_1c0fd22f._.js → 200 (101ms, 683969B)
[2026-04-04T13:25:57.684Z] GET http://localhost:3000/_next/static/chunks/e2357_next_dist_1ebe1607._.js → 200 (82ms, 232163B)
[2026-04-04T13:25:57.684Z] GET http://localhost:3000/_next/static/chunks/943aa_%40swc_helpers_cjs_7d842ae3._.js → 200 (76ms, 2104B)
[2026-04-04T13:25:57.684Z] GET http://localhost:3000/_next/static/chunks/aileen_machina_aileena-new_a0ff3932._.js → 200 (73ms, 734B)
[2026-04-04T13:25:57.684Z] GET http://localhost:3000/_next/static/chunks/turbopack-aileen_machina_aileena-new_53ece42e._.js → 200 (88ms, 75189B)
[2026-04-04T13:25:57.684Z] GET http://localhost:3000/_next/static/chunks/e2357_next_dist_cea148d3._.js → 200 (94ms, 141382B)
[2026-04-04T13:25:57.684Z] GET http://localhost:3000/_next/static/chunks/aileen_machina_aileena-new_app_favicon_ico_mjs_c261d991._.js → 200 (87ms, 255B)
[2026-04-04T13:25:57.684Z] GET http://localhost:3000/_next/static/chunks/aileen_machina_aileena-new_80337b51._.js → 200 (100ms, 18915B)
[2026-04-04T13:25:57.685Z] GET http://localhost:3000/_next/static/chunks/aileen_machina_aileena-new_app_layout_tsx_4635c172._.js → 200 (98ms, 337B)
[2026-04-04T13:25:57.685Z] GET http://localhost:3000/_next/static/chunks/aileen_machina_aileena-new_39b33764._.js → 200 (133ms, 295357B)
[2026-04-04T13:25:57.685Z] GET http://localhost:3000/_next/static/chunks/e2357_next_dist_31eab5e4._.js → 200 (112ms, 42624B)
[2026-04-04T13:25:57.685Z] GET http://localhost:3000/_next/static/chunks/aileen_machina_aileena-new_app_page_tsx_fa05ddd0._.js → 200 (111ms, 315B)
[2026-04-04T13:25:57.685Z] GET http://localhost:3000/_next/static/chunks/e2357_next_dist_client_components_builtin_global-error_4635c172.js → 200 (112ms, 206B)
[2026-04-04T13:25:57.710Z] GET https://fonts.googleapis.com/css2?family=Orbitron:wght@900&family=Barlow+Condensed:wght@300;400;700&display=swap → 200 (1ms, 4461B)
[2026-04-04T13:25:57.721Z] GET https://fonts.gstatic.com/s/barlowcondensed/v13/HTxwL3I-JCGChYJ8VI-L6OO_au7B47rxz3bWuYMBYro.woff2 → 200 (?ms, ?B)
[2026-04-04T13:25:57.721Z] GET https://fonts.gstatic.com/s/barlowcondensed/v13/HTx3L3I-JCGChYJ8VI-L6OO_au7B6xHT2lv0tKk.woff2 → 200 (?ms, ?B)
[2026-04-04T13:25:57.726Z] GET https://fonts.gstatic.com/s/barlowcondensed/v13/HTxwL3I-JCGChYJ8VI-L6OO_au7B46r2z3bWuYMBYro.woff2 → 200 (?ms, ?B)
[2026-04-04T13:25:57.726Z] GET http://localhost:3000/bg_pic/04.jpeg → 304 (6ms, ?B)
[2026-04-04T13:25:57.726Z] GET http://localhost:3000/bg_pic/03.jpeg → 304 (81ms, ?B)
[2026-04-04T13:25:57.726Z] GET http://localhost:3000/bg_pic/01.jpeg → 404 (119ms, 3278B)
[2026-04-04T13:25:57.728Z] GET http://localhost:3000/bg_pic/02.jpeg → 304 (81ms, ?B)
[2026-04-04T13:25:57.822Z] GET http://localhost:3000/_next/static/chunks/%5Bturbopack%5D_browser_dev_hmr-client_hmr-client_ts_c8c997ce._.js → 200 (27ms, 15433B)
[2026-04-04T13:25:57.822Z] GET http://localhost:3000/_next/static/chunks/%5Bturbopack%5D_browser_dev_hmr-client_hmr-client_ts_1971e4eb._.js → 200 (27ms, 288B)
[2026-04-04T13:25:57.847Z] GET http://localhost:3000/__nextjs_font/geist-latin.woff2 → 200 (?ms, ?B)
[2026-04-04T13:25:57.849Z] GET http://localhost:3000/__nextjs_font/geist-mono-latin.woff2 → 200 (?ms, ?B)
[2026-04-04T13:25:57.862Z] GET https://open.spotify.com/embed/iframe-api/v1 → pending (?ms, ?B)
[2026-04-04T13:25:59.335Z] GET https://embed-cdn.spotifycdn.com/_next/static/iframe_api.7361590900b57700c029.js → 200 (1ms, 239269B)
[2026-04-04T13:33:51.812Z] GET http://localhost:3000/ → 200 (29ms, 65306B)
[2026-04-04T13:33:51.843Z] GET https://image-cdn-fa.spotifycdn.com/image/ab67616d00001e028508f29ab91bfcce74f86ef5 → 200 (?ms, 38965B)
[2026-04-04T13:33:51.843Z] GET https://image-cdn-fa.spotifycdn.com/image/ab67616d00001e02a388a3f20d1bf2123249cc79 → 200 (?ms, 15297B)
[2026-04-04T13:33:51.844Z] GET https://image-cdn-ak.spotifycdn.com/image/ab67616d00001e02c1456e351abb6d5b1a8ffbef → 200 (?ms, 50430B)
[2026-04-04T13:33:51.844Z] GET https://image-cdn-fa.spotifycdn.com/image/ab67616d00001e029d28fd01859073a3ae6ea209 → 200 (?ms, 63343B)
[2026-04-04T13:33:51.845Z] GET https://image-cdn-ak.spotifycdn.com/image/ab67616d00001e023108f7d165756b51d81ea3ba → 200 (?ms, 33052B)
[2026-04-04T13:33:51.845Z] GET https://image-cdn-fa.spotifycdn.com/image/ab67616d00001e02fad7ae8dfc681c2f9f8333ef → 200 (?ms, 4312B)
[2026-04-04T13:33:51.846Z] GET http://localhost:3000/_next/static/chunks/aileen_machina_aileena-new_app_globals_b11db9ec.css → 200 (3ms, 41731B)
[2026-04-04T13:33:51.846Z] GET http://localhost:3000/_next/static/chunks/%5Bturbopack%5D_browser_dev_hmr-client_hmr-client_ts_d5588501._.js → 200 (2ms, 671B)
[2026-04-04T13:33:51.846Z] GET http://localhost:3000/_next/static/chunks/e2357_next_dist_compiled_react-dom_7f25d0b5._.js → 200 (83ms, 1050932B)
[2026-04-04T13:33:51.846Z] GET http://localhost:3000/_next/static/chunks/e2357_next_dist_compiled_react-server-dom-turbopack_42a4d42a._.js → 200 (11ms, 172522B)
[2026-04-04T13:33:51.846Z] GET http://localhost:3000/_next/static/chunks/e2357_next_dist_compiled_next-devtools_index_4cd41c58.js → 200 (70ms, 816163B)
[2026-04-04T13:33:51.846Z] GET http://localhost:3000/_next/static/chunks/e2357_next_dist_compiled_73c62a6b._.js → 200 (18ms, 150443B)
[2026-04-04T13:33:51.846Z] GET http://localhost:3000/_next/static/chunks/e2357_next_dist_client_1c0fd22f._.js → 200 (38ms, 683969B)
[2026-04-04T13:33:51.847Z] GET http://localhost:3000/_next/static/chunks/e2357_next_dist_1ebe1607._.js → 200 (20ms, 232163B)
[2026-04-04T13:33:51.847Z] GET http://localhost:3000/_next/static/chunks/943aa_%40swc_helpers_cjs_7d842ae3._.js → 200 (18ms, 2104B)
[2026-04-04T13:33:51.847Z] GET http://localhost:3000/_next/static/chunks/aileen_machina_aileena-new_a0ff3932._.js → 200 (20ms, 734B)
[2026-04-04T13:33:51.847Z] GET http://localhost:3000/_next/static/chunks/turbopack-aileen_machina_aileena-new_53ece42e._.js → 200 (25ms, 75189B)
[2026-04-04T13:33:51.847Z] GET http://localhost:3000/_next/static/chunks/e2357_next_dist_cea148d3._.js → 200 (30ms, 141382B)
[2026-04-04T13:33:51.847Z] GET http://localhost:3000/_next/static/chunks/aileen_machina_aileena-new_app_favicon_ico_mjs_c261d991._.js → 200 (22ms, 255B)
[2026-04-04T13:33:51.847Z] GET http://localhost:3000/_next/static/chunks/aileen_machina_aileena-new_80337b51._.js → 200 (30ms, 18915B)
[2026-04-04T13:33:51.848Z] GET http://localhost:3000/_next/static/chunks/aileen_machina_aileena-new_app_layout_tsx_4635c172._.js → 200 (30ms, 337B)
[2026-04-04T13:33:51.848Z] GET http://localhost:3000/_next/static/chunks/aileen_machina_aileena-new_39b33764._.js → 200 (51ms, 295357B)
[2026-04-04T13:33:51.848Z] GET http://localhost:3000/_next/static/chunks/e2357_next_dist_31eab5e4._.js → 200 (36ms, 42624B)
[2026-04-04T13:33:51.848Z] GET http://localhost:3000/_next/static/chunks/aileen_machina_aileena-new_app_page_tsx_fa05ddd0._.js → 200 (35ms, 315B)
[2026-04-04T13:33:51.848Z] GET http://localhost:3000/_next/static/chunks/e2357_next_dist_client_components_builtin_global-error_4635c172.js → 200 (38ms, 206B)
[2026-04-04T13:33:51.851Z] GET https://fonts.googleapis.com/css2?family=Orbitron:wght@900&family=Barlow+Condensed:wght@300;400;700&display=swap → 200 (?ms, 4461B)
[2026-04-04T13:33:51.852Z] GET https://fonts.gstatic.com/s/barlowcondensed/v13/HTxwL3I-JCGChYJ8VI-L6OO_au7B47rxz3bWuYMBYro.woff2 → 200 (?ms, ?B)
[2026-04-04T13:33:51.852Z] GET https://fonts.gstatic.com/s/barlowcondensed/v13/HTx3L3I-JCGChYJ8VI-L6OO_au7B6xHT2lv0tKk.woff2 → 200 (1ms, ?B)
[2026-04-04T13:33:51.853Z] GET https://fonts.gstatic.com/s/barlowcondensed/v13/HTxwL3I-JCGChYJ8VI-L6OO_au7B46r2z3bWuYMBYro.woff2 → 200 (?ms, ?B)
[2026-04-04T13:33:51.853Z] GET http://localhost:3000/bg_pic/04.jpeg → 304 (11ms, ?B)
[2026-04-04T13:33:51.853Z] GET http://localhost:3000/bg_pic/03.jpeg → 304 (32ms, ?B)
[2026-04-04T13:33:51.853Z] GET http://localhost:3000/bg_pic/01.jpeg → 404 (62ms, 3278B)
[2026-04-04T13:33:51.853Z] GET http://localhost:3000/bg_pic/02.jpeg → 304 (45ms, ?B)
[2026-04-04T13:33:51.935Z] GET http://localhost:3000/_next/static/chunks/%5Bturbopack%5D_browser_dev_hmr-client_hmr-client_ts_c8c997ce._.js → 200 (10ms, 15433B)
[2026-04-04T13:33:51.935Z] GET http://localhost:3000/_next/static/chunks/%5Bturbopack%5D_browser_dev_hmr-client_hmr-client_ts_1971e4eb._.js → 200 (6ms, 288B)
[2026-04-04T13:33:51.948Z] GET http://localhost:3000/__nextjs_font/geist-latin.woff2 → 200 (?ms, ?B)
[2026-04-04T13:33:51.948Z] GET http://localhost:3000/__nextjs_font/geist-mono-latin.woff2 → 200 (?ms, ?B)
[2026-04-04T13:33:51.962Z] GET https://open.spotify.com/embed/iframe-api/v1 → pending (?ms, ?B)
[2026-04-04T13:33:51.968Z] POST http://localhost:3000/__nextjs_original-stack-frames → 200 (4ms, 8218B)
[2026-04-04T13:33:53.019Z] GET https://embed-cdn.spotifycdn.com/_next/static/iframe_api.7361590900b57700c029.js → 200 (?ms, 239269B)
[2026-04-04T13:35:51.291Z] GET http://localhost:3000/ → 200 (27ms, 65309B)
[2026-04-04T13:35:51.320Z] GET https://image-cdn-fa.spotifycdn.com/image/ab67616d00001e028508f29ab91bfcce74f86ef5 → 200 (?ms, 38965B)
[2026-04-04T13:35:51.320Z] GET https://image-cdn-fa.spotifycdn.com/image/ab67616d00001e02a388a3f20d1bf2123249cc79 → 200 (?ms, 15297B)
[2026-04-04T13:35:51.320Z] GET https://image-cdn-ak.spotifycdn.com/image/ab67616d00001e02c1456e351abb6d5b1a8ffbef → 200 (1ms, 50430B)
[2026-04-04T13:35:51.321Z] GET https://image-cdn-fa.spotifycdn.com/image/ab67616d00001e029d28fd01859073a3ae6ea209 → 200 (?ms, 63343B)
[2026-04-04T13:35:51.321Z] GET https://image-cdn-ak.spotifycdn.com/image/ab67616d00001e023108f7d165756b51d81ea3ba → 200 (1ms, 33052B)
[2026-04-04T13:35:51.323Z] GET https://image-cdn-fa.spotifycdn.com/image/ab67616d00001e02fad7ae8dfc681c2f9f8333ef → 200 (?ms, 4312B)
[2026-04-04T13:35:51.323Z] GET http://localhost:3000/_next/static/chunks/aileen_machina_aileena-new_app_globals_b11db9ec.css → 200 (4ms, 41731B)
[2026-04-04T13:35:51.323Z] GET http://localhost:3000/_next/static/chunks/%5Bturbopack%5D_browser_dev_hmr-client_hmr-client_ts_d5588501._.js → 200 (4ms, 671B)
[2026-04-04T13:35:51.323Z] GET http://localhost:3000/_next/static/chunks/e2357_next_dist_compiled_react-dom_7f25d0b5._.js → 200 (73ms, 1050932B)
[2026-04-04T13:35:51.324Z] GET http://localhost:3000/_next/static/chunks/e2357_next_dist_compiled_react-server-dom-turbopack_42a4d42a._.js → 200 (25ms, 172522B)
[2026-04-04T13:35:51.324Z] GET http://localhost:3000/_next/static/chunks/e2357_next_dist_compiled_next-devtools_index_4cd41c58.js → 200 (80ms, 816163B)
[2026-04-04T13:35:51.324Z] GET http://localhost:3000/_next/static/chunks/e2357_next_dist_compiled_73c62a6b._.js → 200 (31ms, 150443B)
[2026-04-04T13:35:51.324Z] GET http://localhost:3000/_next/static/chunks/e2357_next_dist_client_1c0fd22f._.js → 200 (58ms, 683969B)
[2026-04-04T13:35:51.324Z] GET http://localhost:3000/_next/static/chunks/e2357_next_dist_1ebe1607._.js → 200 (33ms, 232163B)
[2026-04-04T13:35:51.324Z] GET http://localhost:3000/_next/static/chunks/943aa_%40swc_helpers_cjs_7d842ae3._.js → 200 (34ms, 2104B)
[2026-04-04T13:35:51.324Z] GET http://localhost:3000/_next/static/chunks/aileen_machina_aileena-new_a0ff3932._.js → 200 (34ms, 734B)
[2026-04-04T13:35:51.325Z] GET http://localhost:3000/_next/static/chunks/turbopack-aileen_machina_aileena-new_53ece42e._.js → 200 (42ms, 75189B)
[2026-04-04T13:35:51.325Z] GET http://localhost:3000/_next/static/chunks/e2357_next_dist_cea148d3._.js → 200 (46ms, 141382B)
[2026-04-04T13:35:51.325Z] GET http://localhost:3000/_next/static/chunks/aileen_machina_aileena-new_app_favicon_ico_mjs_c261d991._.js → 200 (37ms, 255B)
[2026-04-04T13:35:51.325Z] GET http://localhost:3000/_next/static/chunks/aileen_machina_aileena-new_80337b51._.js → 200 (44ms, 18915B)
[2026-04-04T13:35:51.325Z] GET http://localhost:3000/_next/static/chunks/aileen_machina_aileena-new_app_layout_tsx_4635c172._.js → 200 (46ms, 337B)
[2026-04-04T13:35:51.325Z] GET http://localhost:3000/_next/static/chunks/aileen_machina_aileena-new_39b33764._.js → 200 (57ms, 295357B)
[2026-04-04T13:35:51.325Z] GET http://localhost:3000/_next/static/chunks/e2357_next_dist_31eab5e4._.js → 200 (53ms, 42624B)
[2026-04-04T13:35:51.325Z] GET http://localhost:3000/_next/static/chunks/aileen_machina_aileena-new_app_page_tsx_fa05ddd0._.js → 200 (53ms, 315B)
[2026-04-04T13:35:51.325Z] GET http://localhost:3000/_next/static/chunks/e2357_next_dist_client_components_builtin_global-error_4635c172.js → 200 (56ms, 206B)
[2026-04-04T13:35:51.330Z] GET https://fonts.googleapis.com/css2?family=Orbitron:wght@900&family=Barlow+Condensed:wght@300;400;700&display=swap → 200 (?ms, 4461B)
[2026-04-04T13:35:51.334Z] GET https://fonts.gstatic.com/s/barlowcondensed/v13/HTxwL3I-JCGChYJ8VI-L6OO_au7B47rxz3bWuYMBYro.woff2 → 200 (?ms, ?B)
[2026-04-04T13:35:51.334Z] GET https://fonts.gstatic.com/s/barlowcondensed/v13/HTx3L3I-JCGChYJ8VI-L6OO_au7B6xHT2lv0tKk.woff2 → 200 (?ms, ?B)
[2026-04-04T13:35:51.336Z] GET https://fonts.gstatic.com/s/barlowcondensed/v13/HTxwL3I-JCGChYJ8VI-L6OO_au7B46r2z3bWuYMBYro.woff2 → 200 (?ms, ?B)
[2026-04-04T13:35:51.336Z] GET http://localhost:3000/bg_pic/04.jpeg → 304 (20ms, ?B)
[2026-04-04T13:35:51.336Z] GET http://localhost:3000/bg_pic/03.jpeg → 304 (45ms, ?B)
[2026-04-04T13:35:51.336Z] GET http://localhost:3000/bg_pic/01.jpeg → 404 (75ms, 21380B)
[2026-04-04T13:35:51.346Z] GET http://localhost:3000/bg_pic/02.jpeg → 304 (49ms, ?B)
[2026-04-04T13:35:51.411Z] GET http://localhost:3000/_next/static/chunks/%5Bturbopack%5D_browser_dev_hmr-client_hmr-client_ts_c8c997ce._.js → 200 (17ms, 15433B)
[2026-04-04T13:35:51.411Z] GET http://localhost:3000/_next/static/chunks/%5Bturbopack%5D_browser_dev_hmr-client_hmr-client_ts_1971e4eb._.js → 200 (17ms, 288B)
[2026-04-04T13:35:51.431Z] GET http://localhost:3000/__nextjs_font/geist-latin.woff2 → 200 (?ms, ?B)
[2026-04-04T13:35:51.431Z] GET http://localhost:3000/__nextjs_font/geist-mono-latin.woff2 → 200 (?ms, ?B)
[2026-04-04T13:35:51.444Z] GET https://open.spotify.com/embed/iframe-api/v1 → pending (?ms, ?B)
[2026-04-04T13:35:51.816Z] GET https://embed-cdn.spotifycdn.com/_next/static/iframe_api.7361590900b57700c029.js → 200 (1ms, 239269B)
[2026-04-04T13:42:25.582Z] GET http://localhost:3000/ → 200 (36ms, 65301B)
[2026-04-04T13:42:25.620Z] GET https://image-cdn-fa.spotifycdn.com/image/ab67616d00001e028508f29ab91bfcce74f86ef5 → 200 (?ms, 38965B)
[2026-04-04T13:42:25.620Z] GET https://image-cdn-fa.spotifycdn.com/image/ab67616d00001e02a388a3f20d1bf2123249cc79 → 200 (1ms, 15297B)
[2026-04-04T13:42:25.621Z] GET https://image-cdn-ak.spotifycdn.com/image/ab67616d00001e02c1456e351abb6d5b1a8ffbef → 200 (?ms, 50430B)
[2026-04-04T13:42:25.622Z] GET https://image-cdn-fa.spotifycdn.com/image/ab67616d00001e029d28fd01859073a3ae6ea209 → 200 (?ms, 63343B)
[2026-04-04T13:42:25.622Z] GET https://image-cdn-ak.spotifycdn.com/image/ab67616d00001e023108f7d165756b51d81ea3ba → 200 (1ms, 33052B)
[2026-04-04T13:42:25.623Z] GET https://image-cdn-fa.spotifycdn.com/image/ab67616d00001e02fad7ae8dfc681c2f9f8333ef → 200 (?ms, 4312B)
[2026-04-04T13:42:25.623Z] GET http://localhost:3000/_next/static/chunks/aileen_machina_aileena-new_app_globals_b11db9ec.css → 200 (5ms, 41731B)
[2026-04-04T13:42:25.623Z] GET http://localhost:3000/_next/static/chunks/%5Bturbopack%5D_browser_dev_hmr-client_hmr-client_ts_d5588501._.js → 200 (4ms, 671B)
[2026-04-04T13:42:25.623Z] GET http://localhost:3000/_next/static/chunks/e2357_next_dist_compiled_react-dom_7f25d0b5._.js → 200 (74ms, 1050932B)
[2026-04-04T13:42:25.623Z] GET http://localhost:3000/_next/static/chunks/e2357_next_dist_compiled_react-server-dom-turbopack_42a4d42a._.js → 200 (14ms, 172522B)
[2026-04-04T13:42:25.623Z] GET http://localhost:3000/_next/static/chunks/e2357_next_dist_compiled_next-devtools_index_4cd41c58.js → 200 (81ms, 816163B)
[2026-04-04T13:42:25.623Z] GET http://localhost:3000/_next/static/chunks/e2357_next_dist_compiled_73c62a6b._.js → 200 (17ms, 150443B)
[2026-04-04T13:42:25.624Z] GET http://localhost:3000/_next/static/chunks/e2357_next_dist_client_1c0fd22f._.js → 200 (39ms, 683969B)
[2026-04-04T13:42:25.624Z] GET http://localhost:3000/_next/static/chunks/e2357_next_dist_1ebe1607._.js → 200 (19ms, 232163B)
[2026-04-04T13:42:25.624Z] GET http://localhost:3000/_next/static/chunks/943aa_%40swc_helpers_cjs_7d842ae3._.js → 200 (19ms, 2104B)
[2026-04-04T13:42:25.624Z] GET http://localhost:3000/_next/static/chunks/aileen_machina_aileena-new_a0ff3932._.js → 200 (19ms, 734B)
[2026-04-04T13:42:25.624Z] GET http://localhost:3000/_next/static/chunks/turbopack-aileen_machina_aileena-new_53ece42e._.js → 200 (26ms, 75189B)
[2026-04-04T13:42:25.624Z] GET http://localhost:3000/_next/static/chunks/e2357_next_dist_cea148d3._.js → 200 (28ms, 141382B)
[2026-04-04T13:42:25.624Z] GET http://localhost:3000/_next/static/chunks/aileen_machina_aileena-new_app_favicon_ico_mjs_c261d991._.js → 200 (24ms, 255B)
[2026-04-04T13:42:25.624Z] GET http://localhost:3000/_next/static/chunks/aileen_machina_aileena-new_80337b51._.js → 200 (27ms, 18915B)
[2026-04-04T13:42:25.624Z] GET http://localhost:3000/_next/static/chunks/aileen_machina_aileena-new_app_layout_tsx_4635c172._.js → 200 (31ms, 337B)
[2026-04-04T13:42:25.624Z] GET http://localhost:3000/_next/static/chunks/aileen_machina_aileena-new_39b33764._.js → 200 (51ms, 295357B)
[2026-04-04T13:42:25.624Z] GET http://localhost:3000/_next/static/chunks/e2357_next_dist_31eab5e4._.js → 200 (36ms, 42624B)
[2026-04-04T13:42:25.624Z] GET http://localhost:3000/_next/static/chunks/aileen_machina_aileena-new_app_page_tsx_fa05ddd0._.js → 200 (36ms, 315B)
[2026-04-04T13:42:25.624Z] GET http://localhost:3000/_next/static/chunks/e2357_next_dist_client_components_builtin_global-error_4635c172.js → 200 (38ms, 206B)
[2026-04-04T13:42:25.629Z] GET https://fonts.googleapis.com/css2?family=Orbitron:wght@900&family=Barlow+Condensed:wght@300;400;700&display=swap → 200 (?ms, 4461B)
[2026-04-04T13:42:25.631Z] GET https://fonts.gstatic.com/s/barlowcondensed/v13/HTxwL3I-JCGChYJ8VI-L6OO_au7B47rxz3bWuYMBYro.woff2 → 200 (?ms, ?B)
[2026-04-04T13:42:25.631Z] GET https://fonts.gstatic.com/s/barlowcondensed/v13/HTx3L3I-JCGChYJ8VI-L6OO_au7B6xHT2lv0tKk.woff2 → 200 (?ms, ?B)
[2026-04-04T13:42:25.632Z] GET https://fonts.gstatic.com/s/barlowcondensed/v13/HTxwL3I-JCGChYJ8VI-L6OO_au7B46r2z3bWuYMBYro.woff2 → 200 (?ms, ?B)
[2026-04-04T13:42:25.632Z] GET http://localhost:3000/bg_pic/04.jpeg → 304 (8ms, ?B)
[2026-04-04T13:42:25.632Z] GET http://localhost:3000/bg_pic/03.jpeg → 304 (29ms, ?B)
[2026-04-04T13:42:25.632Z] GET http://localhost:3000/bg_pic/01.jpeg → 404 (62ms, 3278B)
[2026-04-04T13:42:25.632Z] GET http://localhost:3000/bg_pic/02.jpeg → 304 (31ms, ?B)
[2026-04-04T13:42:25.708Z] GET http://localhost:3000/_next/static/chunks/%5Bturbopack%5D_browser_dev_hmr-client_hmr-client_ts_c8c997ce._.js → 200 (14ms, 15433B)
[2026-04-04T13:42:25.708Z] GET http://localhost:3000/_next/static/chunks/%5Bturbopack%5D_browser_dev_hmr-client_hmr-client_ts_1971e4eb._.js → 200 (14ms, 288B)
[2026-04-04T13:42:25.730Z] GET http://localhost:3000/__nextjs_font/geist-latin.woff2 → 200 (?ms, ?B)
[2026-04-04T13:42:25.730Z] GET http://localhost:3000/__nextjs_font/geist-mono-latin.woff2 → 200 (1ms, ?B)
[2026-04-04T13:42:25.742Z] GET https://open.spotify.com/embed/iframe-api/v1 → pending (?ms, ?B)
[2026-04-04T13:42:27.354Z] GET https://embed-cdn.spotifycdn.com/_next/static/iframe_api.7361590900b57700c029.js → 200 (?ms, 239269B)
[2026-04-04T13:44:40.080Z] GET https://image-cdn-ak.spotifycdn.com/image/ab67616d00001e0214e8b7396634f604692c67ff → pending (?ms, ?B)
[2026-04-04T13:45:33.400Z] GET https://image-cdn-fa.spotifycdn.com/image/ab67616d00001e0225de4144381ec14d111c5380 → pending (?ms, ?B)
[2026-04-04T13:47:23.895Z] GET http://localhost:3000/_next/static/chunks/aileen_machina_aileena-new_app_globals_b11db9ec.css → 200 (3ms, 41911B)
[2026-04-04T13:47:23.898Z] GET https://open.spotify.com/embed/track/4DBeUcBD2zVZzhf2oX1PLc?utm_source=iframe-api → pending (?ms, ?B)
[2026-04-04T13:47:23.898Z] GET https://open.spotify.com/embed/track/2pIUpMhHL6L9Z5lnKxJJr9?utm_source=iframe-api → pending (?ms, ?B)
[2026-04-04T13:47:25.236Z] GET https://embed-cdn.spotifycdn.com/_next/static/css/1da87d2646b9222b.css → pending (?ms, ?B)
[2026-04-04T13:47:25.236Z] GET https://embed-cdn.spotifycdn.com/_next/static/css/cc1613d282eaabe4.css → pending (?ms, ?B)
[2026-04-04T13:47:25.236Z] GET https://embed-cdn.spotifycdn.com/_next/static/css/07f092ee546380cb.css → pending (?ms, ?B)
[2026-04-04T13:47:25.236Z] GET https://embed-cdn.spotifycdn.com/_next/static/chunks/webpack-d9d3dd429211e803.js → pending (?ms, ?B)
[2026-04-04T13:47:25.236Z] GET https://embed-cdn.spotifycdn.com/_next/static/chunks/framework-620f5a608de00ff5.js → pending (?ms, ?B)
[2026-04-04T13:47:25.236Z] GET https://embed-cdn.spotifycdn.com/_next/static/chunks/main-9bce78ab34a15eec.js → pending (?ms, ?B)
[2026-04-04T13:47:25.236Z] GET https://embed-cdn.spotifycdn.com/_next/static/chunks/pages/_app-ffe4623b476ef8eb.js → pending (?ms, ?B)
[2026-04-04T13:47:25.236Z] GET https://embed-cdn.spotifycdn.com/_next/static/chunks/6ed1c7d2-38238716899ac8aa.js → pending (?ms, ?B)
[2026-04-04T13:47:25.236Z] GET https://embed-cdn.spotifycdn.com/_next/static/chunks/956ba4ca-2e2abba664776fd6.js → pending (?ms, ?B)
[2026-04-04T13:47:25.236Z] GET https://embed-cdn.spotifycdn.com/_next/static/chunks/6949-9bc20321f1d6c127.js → pending (?ms, ?B)
[2026-04-04T13:47:25.236Z] GET https://embed-cdn.spotifycdn.com/_next/static/chunks/4439-2961e3481bb14a91.js → pending (?ms, ?B)
[2026-04-04T13:47:25.236Z] GET https://embed-cdn.spotifycdn.com/_next/static/chunks/9582-17f1d23794c68087.js → pending (?ms, ?B)
[2026-04-04T13:47:25.236Z] GET https://embed-cdn.spotifycdn.com/_next/static/chunks/pages/track/%5Bid%5D-b7d0f087728e6fbd.js → pending (?ms, ?B)
[2026-04-04T13:47:25.236Z] GET https://embed-cdn.spotifycdn.com/_next/static/745cb9f8-15ca-41d8-8691-719795d77139/_buildManifest.js → pending (?ms, ?B)
[2026-04-04T13:47:25.236Z] GET https://embed-cdn.spotifycdn.com/_next/static/745cb9f8-15ca-41d8-8691-719795d77139/_ssgManifest.js → pending (?ms, ?B)
[2026-04-04T13:47:25.507Z] GET https://embed-cdn.spotifycdn.com/_next/static/css/1da87d2646b9222b.css → pending (?ms, ?B)
[2026-04-04T13:47:25.507Z] GET https://embed-cdn.spotifycdn.com/_next/static/css/cc1613d282eaabe4.css → pending (?ms, ?B)
[2026-04-04T13:47:25.507Z] GET https://embed-cdn.spotifycdn.com/_next/static/css/07f092ee546380cb.css → pending (?ms, ?B)
[2026-04-04T13:47:25.507Z] GET https://embed-cdn.spotifycdn.com/_next/static/chunks/webpack-d9d3dd429211e803.js → pending (?ms, ?B)
[2026-04-04T13:47:25.507Z] GET https://embed-cdn.spotifycdn.com/_next/static/chunks/framework-620f5a608de00ff5.js → pending (?ms, ?B)
[2026-04-04T13:47:25.507Z] GET https://embed-cdn.spotifycdn.com/_next/static/chunks/main-9bce78ab34a15eec.js → pending (?ms, ?B)
[2026-04-04T13:47:25.507Z] GET https://embed-cdn.spotifycdn.com/_next/static/chunks/pages/_app-ffe4623b476ef8eb.js → pending (?ms, ?B)
[2026-04-04T13:47:25.507Z] GET https://embed-cdn.spotifycdn.com/_next/static/chunks/6ed1c7d2-38238716899ac8aa.js → pending (?ms, ?B)
[2026-04-04T13:47:25.507Z] GET https://embed-cdn.spotifycdn.com/_next/static/chunks/956ba4ca-2e2abba664776fd6.js → pending (?ms, ?B)
[2026-04-04T13:47:25.507Z] GET https://embed-cdn.spotifycdn.com/_next/static/chunks/6949-9bc20321f1d6c127.js → pending (?ms, ?B)
[2026-04-04T13:47:25.507Z] GET https://embed-cdn.spotifycdn.com/_next/static/chunks/4439-2961e3481bb14a91.js → pending (?ms, ?B)
[2026-04-04T13:47:25.507Z] GET https://embed-cdn.spotifycdn.com/_next/static/chunks/9582-17f1d23794c68087.js → pending (?ms, ?B)
[2026-04-04T13:47:25.507Z] GET https://embed-cdn.spotifycdn.com/_next/static/chunks/pages/track/%5Bid%5D-b7d0f087728e6fbd.js → pending (?ms, ?B)
[2026-04-04T13:47:25.507Z] GET https://embed-cdn.spotifycdn.com/_next/static/745cb9f8-15ca-41d8-8691-719795d77139/_buildManifest.js → pending (?ms, ?B)
[2026-04-04T13:47:25.507Z] GET https://embed-cdn.spotifycdn.com/_next/static/745cb9f8-15ca-41d8-8691-719795d77139/_ssgManifest.js → pending (?ms, ?B)
[2026-04-04T13:47:33.256Z] GET https://image-cdn-fa.spotifycdn.com/image/ab67616d00001e028508f29ab91bfcce74f86ef5 → 200 (?ms, 38965B)
[2026-04-04T13:47:33.256Z] GET https://encore.scdn.co/fonts/SpotifyMixUI-Bold-4264b799009b1db5c491778b1bc8e5b7.woff2 → pending (?ms, ?B)
[2026-04-04T13:47:33.256Z] GET https://encore.scdn.co/fonts/SpotifyMixUI-Regular-cc3b1de388efa4cbca6c75cebc24585e.woff2 → pending (?ms, ?B)
[2026-04-04T13:47:33.256Z] GET https://image-cdn-ak.spotifycdn.com/image/ab67616d00001e029d28fd01859073a3ae6ea209 → pending (?ms, ?B)
[2026-04-04T13:47:33.256Z] GET https://encore.scdn.co/fonts/SpotifyMixUI-Bold-4264b799009b1db5c491778b1bc8e5b7.woff2 → pending (?ms, ?B)
[2026-04-04T13:47:33.256Z] GET https://encore.scdn.co/fonts/SpotifyMixUI-Regular-cc3b1de388efa4cbca6c75cebc24585e.woff2 → pending (?ms, ?B)
[2026-04-04T13:47:34.122Z] GET blob:https://open.spotify.com/80f55207-beba-4aaa-abb5-fb571deb6f63 → 200 (30ms, 10329B)
[2026-04-04T13:47:34.135Z] POST https://o22381.ingest.us.sentry.io/api/4505164808585216/envelope/?sentry_version=7&sentry_key=4cc707ab12ea4779b417479c0550a5cb&sentry_client=sentry.javascript.nextjs%2F10.45.0 → pending (?ms, ?B)
[2026-04-04T13:47:34.144Z] GET blob:https://open.spotify.com/5fbedf25-e7aa-401c-868d-0f232d41c349 → 200 (8ms, 10329B)
[2026-04-04T13:47:34.146Z] POST https://o22381.ingest.us.sentry.io/api/4505164808585216/envelope/?sentry_version=7&sentry_key=4cc707ab12ea4779b417479c0550a5cb&sentry_client=sentry.javascript.nextjs%2F10.45.0 → pending (?ms, ?B)
[2026-04-04T13:47:34.553Z] POST https://o22381.ingest.us.sentry.io/api/4505164808585216/envelope/?sentry_version=7&sentry_key=4cc707ab12ea4779b417479c0550a5cb&sentry_client=sentry.javascript.nextjs%2F10.45.0 → pending (?ms, ?B)
[2026-04-04T13:47:34.553Z] POST https://o22381.ingest.us.sentry.io/api/4505164808585216/envelope/?sentry_version=7&sentry_key=4cc707ab12ea4779b417479c0550a5cb&sentry_client=sentry.javascript.nextjs%2F10.45.0 → pending (?ms, ?B)
[2026-04-04T13:47:34.578Z] GET https://apresolve.spotify.com/?type=dealer-g2&type=spclient → pending (?ms, ?B)
[2026-04-04T13:47:34.582Z] GET https://apresolve.spotify.com/?type=dealer-g2&type=spclient → pending (?ms, ?B)
[2026-04-04T13:47:34.582Z] GET https://embed-cdn.spotifycdn.com/_next/static/chunks/3327.b77ca16d39519caf.js → pending (?ms, ?B)
[2026-04-04T13:47:34.582Z] GET https://embed-cdn.spotifycdn.com/_next/static/chunks/3632.977b74740faf423f.js → pending (?ms, ?B)
[2026-04-04T13:47:34.582Z] GET https://embed-cdn.spotifycdn.com/_next/static/chunks/spotify_player_o.8d681c1354ecf96a.js → pending (?ms, ?B)
[2026-04-04T13:47:35.795Z] GET https://apresolve.spotify.com/?type=dealer-g2&type=spclient → pending (?ms, ?B)
[2026-04-04T13:47:36.603Z] GET https://apresolve.spotify.com/?type=dealer-g2&type=spclient → pending (?ms, ?B)
[2026-04-04T13:47:37.417Z] GET http://localhost:3000/ → 200 (173ms, 73353B)
[2026-04-04T13:47:37.417Z] GET https://apresolve.spotify.com/?type=dealer-g2&type=spclient → pending (?ms, ?B)
[2026-04-04T13:47:37.591Z] GET https://encore.scdn.co/fonts/SpotifyMixUI-Regular-b342a41ec78025c361c018e5d355ab21.woff → pending (?ms, ?B)
[2026-04-04T13:47:37.591Z] GET https://encore.scdn.co/fonts/SpotifyMixUI-Bold-05392dabcaa9fab302f9ddc047b15752.woff → pending (?ms, ?B)
[2026-04-04T13:47:37.593Z] POST https://o22381.ingest.us.sentry.io/api/4505164808585216/envelope/?sentry_version=7&sentry_key=4cc707ab12ea4779b417479c0550a5cb&sentry_client=sentry.javascript.nextjs%2F10.45.0 → pending (?ms, ?B)
[2026-04-04T13:47:37.595Z] GET https://encore.scdn.co/fonts/SpotifyMixUI-Regular-b342a41ec78025c361c018e5d355ab21.woff → pending (?ms, ?B)
[2026-04-04T13:47:37.595Z] GET https://encore.scdn.co/fonts/SpotifyMixUI-Bold-05392dabcaa9fab302f9ddc047b15752.woff → pending (?ms, ?B)
[2026-04-04T13:47:37.595Z] POST https://o22381.ingest.us.sentry.io/api/4505164808585216/envelope/?sentry_version=7&sentry_key=4cc707ab12ea4779b417479c0550a5cb&sentry_client=sentry.javascript.nextjs%2F10.45.0 → pending (?ms, ?B)
[2026-04-04T13:47:37.596Z] GET https://image-cdn-fa.spotifycdn.com/image/ab67616d00001e028508f29ab91bfcce74f86ef5 → 200 (5ms, 38965B)
[2026-04-04T13:47:37.596Z] GET https://image-cdn-fa.spotifycdn.com/image/ab67616d00001e029d28fd01859073a3ae6ea209 → 200 (?ms, 63343B)
[2026-04-04T13:47:37.596Z] GET https://image-cdn-fa.spotifycdn.com/image/ab67616d00001e02a388a3f20d1bf2123249cc79 → 200 (?ms, 15297B)
[2026-04-04T13:47:37.596Z] GET https://image-cdn-ak.spotifycdn.com/image/ab67616d00001e02c1456e351abb6d5b1a8ffbef → 200 (?ms, 50430B)
[2026-04-04T13:47:37.596Z] GET https://image-cdn-ak.spotifycdn.com/image/ab67616d00001e023108f7d165756b51d81ea3ba → 200 (?ms, 33052B)
[2026-04-04T13:47:37.597Z] GET https://image-cdn-fa.spotifycdn.com/image/ab67616d00001e02fad7ae8dfc681c2f9f8333ef → 200 (?ms, 4312B)
[2026-04-04T13:47:37.597Z] GET https://image-cdn-ak.spotifycdn.com/image/ab67616d00001e0214e8b7396634f604692c67ff → 200 (?ms, 20245B)
[2026-04-04T13:47:37.599Z] GET https://image-cdn-fa.spotifycdn.com/image/ab67616d00001e0225de4144381ec14d111c5380 → 200 (?ms, 15560B)
[2026-04-04T13:47:37.599Z] GET http://localhost:3000/_next/static/chunks/aileen_machina_aileena-new_app_globals_b11db9ec.css → 200 (4ms, 41911B)
[2026-04-04T13:47:37.599Z] GET http://localhost:3000/_next/static/chunks/%5Bturbopack%5D_browser_dev_hmr-client_hmr-client_ts_d5588501._.js → 200 (5ms, 671B)
[2026-04-04T13:47:37.599Z] GET http://localhost:3000/_next/static/chunks/e2357_next_dist_compiled_react-dom_7f25d0b5._.js → 200 (62ms, 1050932B)
[2026-04-04T13:47:37.600Z] GET http://localhost:3000/_next/static/chunks/e2357_next_dist_compiled_react-server-dom-turbopack_42a4d42a._.js → 200 (13ms, 172522B)
[2026-04-04T13:47:37.600Z] GET http://localhost:3000/_next/static/chunks/e2357_next_dist_compiled_next-devtools_index_4cd41c58.js → 200 (68ms, 816163B)
[2026-04-04T13:47:37.600Z] GET http://localhost:3000/_next/static/chunks/e2357_next_dist_compiled_73c62a6b._.js → 200 (13ms, 150443B)
[2026-04-04T13:47:37.600Z] GET http://localhost:3000/_next/static/chunks/e2357_next_dist_client_1c0fd22f._.js → 200 (39ms, 683969B)
[2026-04-04T13:47:37.600Z] GET http://localhost:3000/_next/static/chunks/e2357_next_dist_1ebe1607._.js → 200 (17ms, 232163B)
[2026-04-04T13:47:37.600Z] GET http://localhost:3000/_next/static/chunks/943aa_%40swc_helpers_cjs_7d842ae3._.js → 200 (17ms, 2104B)
[2026-04-04T13:47:37.600Z] GET http://localhost:3000/_next/static/chunks/aileen_machina_aileena-new_a0ff3932._.js → 200 (17ms, 734B)
[2026-04-04T13:47:37.601Z] GET http://localhost:3000/_next/static/chunks/turbopack-aileen_machina_aileena-new_53ece42e._.js → 200 (21ms, 75189B)
[2026-04-04T13:47:37.601Z] GET http://localhost:3000/_next/static/chunks/e2357_next_dist_cea148d3._.js → 200 (23ms, 141382B)
[2026-04-04T13:47:37.601Z] GET http://localhost:3000/_next/static/chunks/aileen_machina_aileena-new_app_favicon_ico_mjs_c261d991._.js → 200 (21ms, 255B)
[2026-04-04T13:47:37.601Z] GET http://localhost:3000/_next/static/chunks/aileen_machina_aileena-new_80337b51._.js → 200 (24ms, 18915B)
[2026-04-04T13:47:37.601Z] GET http://localhost:3000/_next/static/chunks/aileen_machina_aileena-new_app_layout_tsx_4635c172._.js → 200 (24ms, 337B)
[2026-04-04T13:47:37.601Z] GET http://localhost:3000/_next/static/chunks/aileen_machina_aileena-new_39b33764._.js → 200 (33ms, 294849B)
[2026-04-04T13:47:37.601Z] GET http://localhost:3000/_next/static/chunks/e2357_next_dist_31eab5e4._.js → 200 (29ms, 42624B)
[2026-04-04T13:47:37.601Z] GET http://localhost:3000/_next/static/chunks/aileen_machina_aileena-new_app_page_tsx_fa05ddd0._.js → 200 (29ms, 315B)
[2026-04-04T13:47:37.601Z] GET http://localhost:3000/_next/static/chunks/e2357_next_dist_client_components_builtin_global-error_4635c172.js → 200 (30ms, 206B)
[2026-04-04T13:47:37.603Z] GET https://fonts.googleapis.com/css2?family=Orbitron:wght@900&family=Barlow+Condensed:wght@300;400;700&display=swap → 200 (?ms, 4461B)
[2026-04-04T13:47:37.606Z] GET https://fonts.gstatic.com/s/barlowcondensed/v13/HTxwL3I-JCGChYJ8VI-L6OO_au7B47rxz3bWuYMBYro.woff2 → 200 (?ms, ?B)
[2026-04-04T13:47:37.606Z] GET https://fonts.gstatic.com/s/barlowcondensed/v13/HTx3L3I-JCGChYJ8VI-L6OO_au7B6xHT2lv0tKk.woff2 → 200 (1ms, ?B)
[2026-04-04T13:47:37.607Z] GET https://fonts.gstatic.com/s/barlowcondensed/v13/HTxwL3I-JCGChYJ8VI-L6OO_au7B46r2z3bWuYMBYro.woff2 → 200 (?ms, ?B)
[2026-04-04T13:47:37.607Z] GET http://localhost:3000/bg_pic/04.jpeg → 304 (6ms, ?B)
[2026-04-04T13:47:37.607Z] GET http://localhost:3000/bg_pic/03.jpeg → 304 (24ms, ?B)
[2026-04-04T13:47:37.607Z] GET http://localhost:3000/bg_pic/01.jpeg → 404 (51ms, 3338B)
[2026-04-04T13:47:37.607Z] GET http://localhost:3000/bg_pic/02.jpeg → 304 (32ms, ?B)
[2026-04-04T13:47:37.676Z] GET http://localhost:3000/_next/static/chunks/%5Bturbopack%5D_browser_dev_hmr-client_hmr-client_ts_c8c997ce._.js → 200 (14ms, 15433B)
[2026-04-04T13:47:37.676Z] GET http://localhost:3000/_next/static/chunks/%5Bturbopack%5D_browser_dev_hmr-client_hmr-client_ts_1971e4eb._.js → 200 (13ms, 288B)
[2026-04-04T13:47:37.699Z] GET http://localhost:3000/__nextjs_font/geist-latin.woff2 → 200 (?ms, ?B)
[2026-04-04T13:47:37.700Z] GET http://localhost:3000/__nextjs_font/geist-mono-latin.woff2 → 200 (?ms, ?B)
[2026-04-04T13:47:37.716Z] GET https://open.spotify.com/embed/iframe-api/v1 → 200 (348ms, 1292B)
[2026-04-04T13:47:38.066Z] GET https://embed-cdn.spotifycdn.com/_next/static/iframe_api.7361590900b57700c029.js → 200 (3ms, 239269B)
[2026-04-04T13:47:38.085Z] GET https://open.spotify.com/embed/track/4DBeUcBD2zVZzhf2oX1PLc?utm_source=iframe-api → pending (?ms, ?B)
[2026-04-04T13:47:38.085Z] GET https://open.spotify.com/embed/track/2pIUpMhHL6L9Z5lnKxJJr9?utm_source=iframe-api → pending (?ms, ?B)
[2026-04-04T13:47:38.869Z] GET https://embed-cdn.spotifycdn.com/_next/static/css/1da87d2646b9222b.css → 200 (?ms, 154072B)
[2026-04-04T13:47:38.869Z] GET https://embed-cdn.spotifycdn.com/_next/static/css/cc1613d282eaabe4.css → 200 (?ms, 31769B)
[2026-04-04T13:47:38.869Z] GET https://embed-cdn.spotifycdn.com/_next/static/css/07f092ee546380cb.css → 200 (1ms, 8710B)
[2026-04-04T13:47:38.870Z] GET https://embed-cdn.spotifycdn.com/_next/static/chunks/webpack-d9d3dd429211e803.js → 200 (?ms, 5865B)
[2026-04-04T13:47:38.870Z] GET https://embed-cdn.spotifycdn.com/_next/static/chunks/framework-620f5a608de00ff5.js → 200 (?ms, 190171B)
[2026-04-04T13:47:38.870Z] GET https://embed-cdn.spotifycdn.com/_next/static/chunks/main-9bce78ab34a15eec.js → 200 (?ms, 137820B)
[2026-04-04T13:47:38.871Z] GET https://embed-cdn.spotifycdn.com/_next/static/chunks/pages/_app-ffe4623b476ef8eb.js → 200 (?ms, 449168B)
[2026-04-04T13:47:38.871Z] GET https://embed-cdn.spotifycdn.com/_next/static/chunks/6ed1c7d2-38238716899ac8aa.js → 200 (?ms, 325842B)
[2026-04-04T13:47:38.871Z] GET https://embed-cdn.spotifycdn.com/_next/static/chunks/956ba4ca-2e2abba664776fd6.js → 200 (?ms, 8749B)
[2026-04-04T13:47:38.871Z] GET https://embed-cdn.spotifycdn.com/_next/static/chunks/6949-9bc20321f1d6c127.js → 200 (?ms, 12738B)
[2026-04-04T13:47:38.872Z] GET https://embed-cdn.spotifycdn.com/_next/static/chunks/4439-2961e3481bb14a91.js → 200 (?ms, 391271B)
[2026-04-04T13:47:38.872Z] GET https://embed-cdn.spotifycdn.com/_next/static/chunks/9582-17f1d23794c68087.js → 200 (16ms, 124566B)
[2026-04-04T13:47:38.872Z] GET https://embed-cdn.spotifycdn.com/_next/static/chunks/pages/track/%5Bid%5D-b7d0f087728e6fbd.js → 200 (16ms, 5010B)
[2026-04-04T13:47:38.872Z] GET https://embed-cdn.spotifycdn.com/_next/static/745cb9f8-15ca-41d8-8691-719795d77139/_buildManifest.js → 200 (206ms, 2838B)
[2026-04-04T13:47:38.872Z] GET https://embed-cdn.spotifycdn.com/_next/static/745cb9f8-15ca-41d8-8691-719795d77139/_ssgManifest.js → 200 (206ms, 77B)
[2026-04-04T13:47:38.877Z] GET blob:https://open.spotify.com/3603e4d3-ca83-4f6d-8982-9b45ba93e5ce → 200 (38ms, 10329B)
[2026-04-04T13:47:38.884Z] POST https://o22381.ingest.us.sentry.io/api/4505164808585216/envelope/?sentry_version=7&sentry_key=4cc707ab12ea4779b417479c0550a5cb&sentry_client=sentry.javascript.nextjs%2F10.45.0 → pending (?ms, ?B)
[2026-04-04T13:47:38.884Z] GET https://image-cdn-fa.spotifycdn.com/image/ab67616d00001e029d28fd01859073a3ae6ea209 → 200 (?ms, 63343B)
[2026-04-04T13:47:38.884Z] GET https://encore.scdn.co/fonts/SpotifyMixUI-Bold-4264b799009b1db5c491778b1bc8e5b7.woff2 → pending (?ms, ?B)
[2026-04-04T13:47:38.884Z] GET https://encore.scdn.co/fonts/SpotifyMixUI-Regular-cc3b1de388efa4cbca6c75cebc24585e.woff2 → pending (?ms, ?B)
[2026-04-04T13:47:38.892Z] POST https://o22381.ingest.us.sentry.io/api/4505164808585216/envelope/?sentry_version=7&sentry_key=4cc707ab12ea4779b417479c0550a5cb&sentry_client=sentry.javascript.nextjs%2F10.45.0 → pending (?ms, ?B)
[2026-04-04T13:47:38.892Z] POST https://o22381.ingest.us.sentry.io/api/4505164808585216/envelope/?sentry_version=7&sentry_key=4cc707ab12ea4779b417479c0550a5cb&sentry_client=sentry.javascript.nextjs%2F10.45.0 → pending (?ms, ?B)
[2026-04-04T13:47:38.918Z] GET https://apresolve.spotify.com/?type=dealer-g2&type=spclient → pending (?ms, ?B)
[2026-04-04T13:47:38.920Z] GET https://apresolve.spotify.com/?type=dealer-g2&type=spclient → pending (?ms, ?B)
[2026-04-04T13:47:38.920Z] GET https://embed-cdn.spotifycdn.com/_next/static/chunks/3327.b77ca16d39519caf.js → pending (?ms, ?B)
[2026-04-04T13:47:38.920Z] GET https://embed-cdn.spotifycdn.com/_next/static/chunks/3632.977b74740faf423f.js → pending (?ms, ?B)
[2026-04-04T13:47:38.920Z] GET https://embed-cdn.spotifycdn.com/_next/static/chunks/spotify_player_o.8d681c1354ecf96a.js → pending (?ms, ?B)
[2026-04-04T13:47:38.957Z] GET https://embed-cdn.spotifycdn.com/_next/static/css/1da87d2646b9222b.css → 200 (?ms, 154072B)
[2026-04-04T13:47:38.957Z] GET https://embed-cdn.spotifycdn.com/_next/static/css/cc1613d282eaabe4.css → 200 (?ms, 31769B)
[2026-04-04T13:47:38.957Z] GET https://embed-cdn.spotifycdn.com/_next/static/css/07f092ee546380cb.css → 200 (?ms, 8710B)
[2026-04-04T13:47:38.958Z] GET https://embed-cdn.spotifycdn.com/_next/static/chunks/webpack-d9d3dd429211e803.js → 200 (?ms, 5865B)
[2026-04-04T13:47:38.958Z] GET https://embed-cdn.spotifycdn.com/_next/static/chunks/framework-620f5a608de00ff5.js → 200 (?ms, 190171B)
[2026-04-04T13:47:38.958Z] GET https://embed-cdn.spotifycdn.com/_next/static/chunks/main-9bce78ab34a15eec.js → 200 (?ms, 137820B)
[2026-04-04T13:47:38.958Z] GET https://embed-cdn.spotifycdn.com/_next/static/chunks/pages/_app-ffe4623b476ef8eb.js → 200 (?ms, 449168B)
[2026-04-04T13:47:38.958Z] GET https://embed-cdn.spotifycdn.com/_next/static/chunks/6ed1c7d2-38238716899ac8aa.js → 200 (?ms, 325842B)
[2026-04-04T13:47:38.958Z] GET https://embed-cdn.spotifycdn.com/_next/static/chunks/956ba4ca-2e2abba664776fd6.js → 200 (?ms, 8749B)
[2026-04-04T13:47:38.958Z] GET https://embed-cdn.spotifycdn.com/_next/static/chunks/6949-9bc20321f1d6c127.js → 200 (?ms, 12738B)
[2026-04-04T13:47:38.958Z] GET https://embed-cdn.spotifycdn.com/_next/static/chunks/4439-2961e3481bb14a91.js → 200 (?ms, 391271B)
[2026-04-04T13:47:38.958Z] GET https://embed-cdn.spotifycdn.com/_next/static/chunks/9582-17f1d23794c68087.js → 200 (1ms, 124566B)
[2026-04-04T13:47:38.959Z] GET https://embed-cdn.spotifycdn.com/_next/static/chunks/pages/track/%5Bid%5D-b7d0f087728e6fbd.js → 200 (?ms, 5010B)
[2026-04-04T13:47:38.959Z] GET https://embed-cdn.spotifycdn.com/_next/static/745cb9f8-15ca-41d8-8691-719795d77139/_buildManifest.js → 200 (119ms, 2838B)
[2026-04-04T13:47:38.959Z] GET https://embed-cdn.spotifycdn.com/_next/static/745cb9f8-15ca-41d8-8691-719795d77139/_ssgManifest.js → 200 (118ms, 77B)
[2026-04-04T13:47:38.961Z] GET blob:https://open.spotify.com/64d91117-050b-40d5-9138-37fed1f24801 → 200 (32ms, 10329B)
[2026-04-04T13:47:38.964Z] POST https://o22381.ingest.us.sentry.io/api/4505164808585216/envelope/?sentry_version=7&sentry_key=4cc707ab12ea4779b417479c0550a5cb&sentry_client=sentry.javascript.nextjs%2F10.45.0 → pending (?ms, ?B)
[2026-04-04T13:47:38.964Z] GET https://image-cdn-ak.spotifycdn.com/image/ab67616d00001e028508f29ab91bfcce74f86ef5 → pending (?ms, ?B)
[2026-04-04T13:47:38.970Z] POST https://o22381.ingest.us.sentry.io/api/4505164808585216/envelope/?sentry_version=7&sentry_key=4cc707ab12ea4779b417479c0550a5cb&sentry_client=sentry.javascript.nextjs%2F10.45.0 → pending (?ms, ?B)
[2026-04-04T13:47:38.970Z] POST https://o22381.ingest.us.sentry.io/api/4505164808585216/envelope/?sentry_version=7&sentry_key=4cc707ab12ea4779b417479c0550a5cb&sentry_client=sentry.javascript.nextjs%2F10.45.0 → pending (?ms, ?B)
[2026-04-04T13:47:38.995Z] GET https://apresolve.spotify.com/?type=dealer-g2&type=spclient → pending (?ms, ?B)
[2026-04-04T13:47:38.998Z] GET https://apresolve.spotify.com/?type=dealer-g2&type=spclient → pending (?ms, ?B)
[2026-04-04T13:47:38.998Z] GET https://embed-cdn.spotifycdn.com/_next/static/chunks/3327.b77ca16d39519caf.js → pending (?ms, ?B)
[2026-04-04T13:47:38.998Z] GET https://embed-cdn.spotifycdn.com/_next/static/chunks/3632.977b74740faf423f.js → pending (?ms, ?B)
[2026-04-04T13:47:38.998Z] GET https://embed-cdn.spotifycdn.com/_next/static/chunks/spotify_player_o.8d681c1354ecf96a.js → pending (?ms, ?B)
[2026-04-04T13:47:41.287Z] GET https://apresolve.spotify.com/?type=dealer-g2&type=spclient → pending (?ms, ?B)
[2026-04-04T13:47:42.904Z] GET https://apresolve.spotify.com/?type=dealer-g2&type=spclient → pending (?ms, ?B)
[2026-04-04T13:47:44.429Z] GET https://apresolve.spotify.com/?type=dealer-g2&type=spclient → pending (?ms, ?B)
[2026-04-04T13:47:45.619Z] GET https://encore.scdn.co/fonts/SpotifyMixUI-Bold-05392dabcaa9fab302f9ddc047b15752.woff → pending (?ms, ?B)
[2026-04-04T13:47:45.952Z] GET https://encore.scdn.co/fonts/SpotifyMixUI-Regular-b342a41ec78025c361c018e5d355ab21.woff → pending (?ms, ?B)
[2026-04-04T13:47:46.002Z] GET https://encore.scdn.co/fonts/CircularSp-Arab-Bold-e63e85e77e5b2a6fbc639717a915f006.woff2 → pending (?ms, ?B)
[2026-04-04T13:47:46.582Z] GET https://apresolve.spotify.com/?type=dealer-g2&type=spclient → pending (?ms, ?B)
[2026-04-04T13:47:46.969Z] GET https://encore.scdn.co/fonts/CircularSp-Arab-Book-ca3a6ec0431abf3a75bc7a417e33c396.woff2 → pending (?ms, ?B)
[2026-04-04T13:47:48.943Z] GET https://apresolve.spotify.com/?type=dealer-g2&type=spclient → pending (?ms, ?B)
[2026-04-04T13:47:49.138Z] GET https://encore.scdn.co/fonts/CircularSp-Arab-Bold-47ca0fd648a183136981f28d0218cef6.woff → pending (?ms, ?B)
[2026-04-04T13:47:51.171Z] GET https://apresolve.spotify.com/?type=dealer-g2&type=spclient → pending (?ms, ?B)
[2026-04-04T13:47:53.264Z] GET https://encore.scdn.co/fonts/CircularSp-Arab-Book-1cd31794cbdd53724469ba03e8573dba.woff → pending (?ms, ?B)
[2026-04-04T13:47:53.669Z] GET https://encore.scdn.co/fonts/CircularSp-Hebr-Bold-672823043332466e211b6f8ac0b7da7c.woff2 → pending (?ms, ?B)
[2026-04-04T13:47:53.700Z] GET https://encore.scdn.co/fonts/CircularSp-Hebr-Book-bd691543176c385b089f6986ddf58c5f.woff2 → pending (?ms, ?B)
[2026-04-04T13:47:54.091Z] GET https://encore.scdn.co/fonts/CircularSp-Hebr-Bold-caa03e4cb8690e726ef1625c7d91a7a5.woff → pending (?ms, ?B)
[2026-04-04T13:47:54.102Z] GET https://encore.scdn.co/fonts/CircularSp-Hebr-Book-d8209975eafc81a9499df8401a339ddd.woff → pending (?ms, ?B)
[2026-04-04T13:47:56.603Z] GET https://apresolve.spotify.com/?type=dealer-g2&type=spclient → pending (?ms, ?B)
[2026-04-04T13:47:58.663Z] GET https://encore.scdn.co/fonts/CircularSp-Cyrl-Bold-d894d6c282e70d9bfbc4de10121eeb58.woff2 → pending (?ms, ?B)
[2026-04-04T13:48:01.949Z] GET https://apresolve.spotify.com/?type=dealer-g2&type=spclient → pending (?ms, ?B)
[2026-04-04T13:48:03.649Z] GET https://encore.scdn.co/fonts/CircularSp-Cyrl-Book-4c957473ac07ef93bf5378b9d00d270b.woff2 → pending (?ms, ?B)
[2026-04-04T13:48:03.652Z] GET https://encore.scdn.co/fonts/CircularSp-Cyrl-Bold-7e54bccaf45728c472079785d5cd4519.woff → 200 (414ms, 28960B)
[2026-04-04T13:48:03.652Z] GET https://encore.scdn.co/fonts/CircularSp-Cyrl-Book-6f078f781ee313e298ad8997fd1ffe3d.woff → 200 (553ms, 28048B)
[2026-04-04T13:48:08.288Z] GET https://apresolve.spotify.com/?type=dealer-g2&type=spclient → pending (?ms, ?B)
[2026-04-04T13:48:10.209Z] GET https://apresolve.spotify.com/?type=dealer-g2&type=spclient → pending (?ms, ?B)
[2026-04-04T13:48:11.023Z] POST https://spclient.wg.spotify.com/gabo-receiver-service/public/v3/events → pending (?ms, ?B)
[2026-04-04T13:48:11.023Z] POST https://spclient.wg.spotify.com/gabo-receiver-service/public/v3/events → pending (?ms, ?B)
[2026-04-04T13:48:11.039Z] GET https://apresolve.spotify.com/?type=dealer-g2&type=spclient → pending (?ms, ?B)
[2026-04-04T13:48:11.811Z] GET https://apresolve.spotify.com/?type=dealer-g2&type=spclient → pending (?ms, ?B)
[2026-04-04T13:48:16.414Z] POST https://spclient.wg.spotify.com/gabo-receiver-service/public/v3/events → pending (?ms, ?B)
[2026-04-04T13:48:16.611Z] POST https://spclient.wg.spotify.com/gabo-receiver-service/public/v3/events → pending (?ms, ?B)
[2026-04-04T13:48:17.539Z] POST https://guc3-spclient.spotify.com/gabo-receiver-service/public/v3/events → pending (?ms, ?B)
[2026-04-04T13:48:17.539Z] POST https://guc3-spclient.spotify.com/gabo-receiver-service/public/v3/events → pending (?ms, ?B)
[2026-04-04T13:48:17.841Z] POST https://guc3-spclient.spotify.com/gabo-receiver-service/public/v3/events → pending (?ms, ?B)
[2026-04-04T13:48:23.163Z] POST https://guc3-spclient.spotify.com/gabo-receiver-service/public/v3/events → pending (?ms, ?B)
[2026-04-04T13:48:23.567Z] POST https://guc3-spclient.spotify.com/gabo-receiver-service/public/v3/events → 200 (200ms, 13B)
[2026-04-04T13:48:28.923Z] POST https://spclient.wg.spotify.com/gabo-receiver-service/public/v3/events → 200 (380ms, 13B)
[2026-04-04T13:51:29.002Z] POST https://guc3-spclient.spotify.com/gabo-receiver-service/public/v3/events → pending (?ms, ?B)
[2026-04-04T13:51:38.920Z] POST https://spclient.wg.spotify.com/gabo-receiver-service/public/v3/events → pending (?ms, ?B)
[2026-04-04T13:54:38.993Z] POST https://guc3-spclient.spotify.com/gabo-receiver-service/public/v3/events → pending (?ms, ?B)
[2026-04-04T13:54:48.907Z] POST https://spclient.wg.spotify.com/gabo-receiver-service/public/v3/events → pending (?ms, ?B)
[2026-04-04T13:57:48.986Z] POST https://guc3-spclient.spotify.com/gabo-receiver-service/public/v3/events → pending (?ms, ?B)
[2026-04-04T13:57:58.903Z] POST https://spclient.wg.spotify.com/gabo-receiver-service/public/v3/events → pending (?ms, ?B)
[2026-04-04T14:00:58.981Z] POST https://guc3-spclient.spotify.com/gabo-receiver-service/public/v3/events → pending (?ms, ?B)
[2026-04-04T14:01:08.901Z] POST https://spclient.wg.spotify.com/gabo-receiver-service/public/v3/events → pending (?ms, ?B)
[2026-04-04T14:04:08.977Z] POST https://guc3-spclient.spotify.com/gabo-receiver-service/public/v3/events → pending (?ms, ?B)
[2026-04-04T14:04:18.898Z] POST https://spclient.wg.spotify.com/gabo-receiver-service/public/v3/events → pending (?ms, ?B)
[2026-04-04T14:04:36.748Z] GET http://localhost:3000/_next/static/chunks/aileen_machina_aileena-new_app_globals_b11db9ec.css → 200 (1ms, 42151B)
[2026-04-04T14:04:36.749Z] GET https://image-cdn-fa.spotifycdn.com/image/ab67616d00001e029d28fd01859073a3ae6ea209 → 200 (2ms, 63343B)
[2026-04-04T14:06:44.851Z] GET http://localhost:3000/_next/static/chunks/aileen_machina_aileena-new_app_globals_b11db9ec.css → 200 (3ms, 41692B)
[2026-04-04T14:07:18.975Z] POST https://guc3-spclient.spotify.com/gabo-receiver-service/public/v3/events → pending (?ms, ?B)
[2026-04-04T14:07:28.898Z] POST https://spclient.wg.spotify.com/gabo-receiver-service/public/v3/events → pending (?ms, ?B)
[2026-04-04T14:10:29.003Z] POST https://guc3-spclient.spotify.com/gabo-receiver-service/public/v3/events → pending (?ms, ?B)
[2026-04-04T14:10:38.925Z] POST https://spclient.wg.spotify.com/gabo-receiver-service/public/v3/events → pending (?ms, ?B)
[2026-04-04T14:12:50.344Z] GET http://localhost:3000/ → 200 (153ms, 81276B)
[2026-04-04T14:12:50.345Z] GET https://apresolve.spotify.com/?type=dealer-g2&type=spclient → pending (?ms, ?B)
[2026-04-04T14:12:50.345Z] GET https://apresolve.spotify.com/?type=dealer-g2&type=spclient → pending (?ms, ?B)
[2026-04-04T14:12:50.511Z] POST https://o22381.ingest.us.sentry.io/api/4505164808585216/envelope/?sentry_version=7&sentry_key=4cc707ab12ea4779b417479c0550a5cb&sentry_client=sentry.javascript.nextjs%2F10.45.0 → pending (?ms, ?B)
[2026-04-04T14:12:50.512Z] POST https://o22381.ingest.us.sentry.io/api/4505164808585216/envelope/?sentry_version=7&sentry_key=4cc707ab12ea4779b417479c0550a5cb&sentry_client=sentry.javascript.nextjs%2F10.45.0 → pending (?ms, ?B)
[2026-04-04T14:12:50.520Z] GET https://image-cdn-fa.spotifycdn.com/image/ab67616d00001e028508f29ab91bfcce74f86ef5 → 200 (?ms, 38965B)
[2026-04-04T14:12:50.520Z] GET https://image-cdn-fa.spotifycdn.com/image/ab67616d00001e029d28fd01859073a3ae6ea209 → 200 (?ms, 63343B)
[2026-04-04T14:12:50.521Z] GET https://image-cdn-fa.spotifycdn.com/image/ab67616d00001e02a388a3f20d1bf2123249cc79 → 200 (?ms, 15297B)
[2026-04-04T14:12:50.521Z] GET https://image-cdn-ak.spotifycdn.com/image/ab67616d00001e02c1456e351abb6d5b1a8ffbef → 200 (?ms, 50430B)
[2026-04-04T14:12:50.521Z] GET https://image-cdn-ak.spotifycdn.com/image/ab67616d00001e023108f7d165756b51d81ea3ba → 200 (?ms, 33052B)
[2026-04-04T14:12:50.521Z] GET https://image-cdn-fa.spotifycdn.com/image/ab67616d00001e02fad7ae8dfc681c2f9f8333ef → 200 (1ms, 4312B)
[2026-04-04T14:12:50.522Z] GET https://image-cdn-ak.spotifycdn.com/image/ab67616d00001e0214e8b7396634f604692c67ff → 200 (?ms, 20245B)
[2026-04-04T14:12:50.522Z] GET https://image-cdn-fa.spotifycdn.com/image/ab67616d00001e0225de4144381ec14d111c5380 → 200 (?ms, 15560B)
[2026-04-04T14:12:50.523Z] GET http://localhost:3000/_next/static/chunks/aileen_machina_aileena-new_app_globals_b11db9ec.css → 200 (22ms, 41692B)
[2026-04-04T14:12:50.523Z] GET http://localhost:3000/_next/static/chunks/%5Bturbopack%5D_browser_dev_hmr-client_hmr-client_ts_d5588501._.js → 200 (24ms, 671B)
[2026-04-04T14:12:50.523Z] GET http://localhost:3000/_next/static/chunks/e2357_next_dist_compiled_react-dom_7f25d0b5._.js → 200 (101ms, 1050932B)
[2026-04-04T14:12:50.523Z] GET http://localhost:3000/_next/static/chunks/e2357_next_dist_compiled_react-server-dom-turbopack_42a4d42a._.js → 200 (36ms, 172522B)
[2026-04-04T14:12:50.523Z] GET http://localhost:3000/_next/static/chunks/e2357_next_dist_compiled_next-devtools_index_4cd41c58.js → 200 (86ms, 816163B)
[2026-04-04T14:12:50.523Z] GET http://localhost:3000/_next/static/chunks/e2357_next_dist_compiled_73c62a6b._.js → 200 (36ms, 150443B)
[2026-04-04T14:12:50.523Z] GET http://localhost:3000/_next/static/chunks/e2357_next_dist_client_1c0fd22f._.js → 200 (63ms, 683969B)
[2026-04-04T14:12:50.523Z] GET http://localhost:3000/_next/static/chunks/e2357_next_dist_1ebe1607._.js → 200 (40ms, 232163B)
[2026-04-04T14:12:50.524Z] GET http://localhost:3000/_next/static/chunks/943aa_%40swc_helpers_cjs_7d842ae3._.js → 200 (40ms, 2104B)
[2026-04-04T14:12:50.524Z] GET http://localhost:3000/_next/static/chunks/aileen_machina_aileena-new_a0ff3932._.js → 200 (45ms, 734B)
[2026-04-04T14:12:50.524Z] GET http://localhost:3000/_next/static/chunks/turbopack-aileen_machina_aileena-new_53ece42e._.js → 200 (47ms, 75189B)
[2026-04-04T14:12:50.524Z] GET http://localhost:3000/_next/static/chunks/e2357_next_dist_cea148d3._.js → 200 (54ms, 141382B)
[2026-04-04T14:12:50.524Z] GET http://localhost:3000/_next/static/chunks/aileen_machina_aileena-new_app_favicon_ico_mjs_c261d991._.js → 200 (45ms, 255B)
[2026-04-04T14:12:50.524Z] GET http://localhost:3000/_next/static/chunks/aileen_machina_aileena-new_80337b51._.js → 200 (53ms, 18915B)
[2026-04-04T14:12:50.524Z] GET http://localhost:3000/_next/static/chunks/aileen_machina_aileena-new_app_layout_tsx_4635c172._.js → 200 (54ms, 337B)
[2026-04-04T14:12:50.524Z] GET http://localhost:3000/_next/static/chunks/aileen_machina_aileena-new_39b33764._.js → 200 (63ms, 312240B)
[2026-04-04T14:12:50.524Z] GET http://localhost:3000/_next/static/chunks/e2357_next_dist_31eab5e4._.js → 200 (59ms, 42624B)
[2026-04-04T14:12:50.524Z] GET http://localhost:3000/_next/static/chunks/aileen_machina_aileena-new_app_page_tsx_fa05ddd0._.js → 200 (58ms, 315B)
[2026-04-04T14:12:50.524Z] GET http://localhost:3000/_next/static/chunks/e2357_next_dist_client_components_builtin_global-error_4635c172.js → 200 (61ms, 206B)
[2026-04-04T14:12:50.546Z] GET https://fonts.googleapis.com/css2?family=Orbitron:wght@900&family=Barlow+Condensed:wght@300;400;700&display=swap → 200 (1ms, 4461B)
[2026-04-04T14:12:50.551Z] GET https://fonts.gstatic.com/s/barlowcondensed/v13/HTxwL3I-JCGChYJ8VI-L6OO_au7B47rxz3bWuYMBYro.woff2 → 200 (?ms, ?B)
[2026-04-04T14:12:50.551Z] GET https://fonts.gstatic.com/s/barlowcondensed/v13/HTx3L3I-JCGChYJ8VI-L6OO_au7B6xHT2lv0tKk.woff2 → 200 (?ms, ?B)
[2026-04-04T14:12:50.552Z] GET https://fonts.gstatic.com/s/barlowcondensed/v13/HTxwL3I-JCGChYJ8VI-L6OO_au7B46r2z3bWuYMBYro.woff2 → 200 (?ms, ?B)
[2026-04-04T14:12:50.552Z] GET http://localhost:3000/bg_pic/04.jpeg → 304 (8ms, ?B)
[2026-04-04T14:12:50.552Z] GET http://localhost:3000/bg_pic/03.jpeg → 304 (33ms, ?B)
[2026-04-04T14:12:50.552Z] GET http://localhost:3000/bg_pic/01.jpeg → 404 (56ms, 3278B)
[2026-04-04T14:12:50.552Z] GET http://localhost:3000/bg_pic/02.jpeg → 304 (46ms, ?B)
[2026-04-04T14:12:50.644Z] GET http://localhost:3000/_next/static/chunks/%5Bturbopack%5D_browser_dev_hmr-client_hmr-client_ts_c8c997ce._.js → 200 (6ms, 15433B)
[2026-04-04T14:12:50.644Z] GET http://localhost:3000/_next/static/chunks/%5Bturbopack%5D_browser_dev_hmr-client_hmr-client_ts_1971e4eb._.js → 200 (6ms, 288B)
[2026-04-04T14:12:50.662Z] GET http://localhost:3000/__nextjs_font/geist-latin.woff2 → 200 (?ms, ?B)
[2026-04-04T14:12:50.662Z] GET http://localhost:3000/__nextjs_font/geist-mono-latin.woff2 → 200 (?ms, ?B)
[2026-04-04T14:12:50.683Z] GET https://open.spotify.com/embed/iframe-api/v1 → pending (?ms, ?B)
[2026-04-04T14:12:52.891Z] GET https://embed-cdn.spotifycdn.com/_next/static/iframe_api.7361590900b57700c029.js → 200 (1ms, 239269B)
[2026-04-04T14:12:52.907Z] GET https://open.spotify.com/embed/track/4DBeUcBD2zVZzhf2oX1PLc?utm_source=iframe-api → pending (?ms, ?B)
[2026-04-04T14:12:52.907Z] GET https://open.spotify.com/embed/track/2pIUpMhHL6L9Z5lnKxJJr9?utm_source=iframe-api → 200 (658ms, 9946B)
[2026-04-04T14:12:53.568Z] GET https://embed-cdn.spotifycdn.com/_next/static/css/1da87d2646b9222b.css → 200 (?ms, 154072B)
[2026-04-04T14:12:53.568Z] GET https://embed-cdn.spotifycdn.com/_next/static/css/cc1613d282eaabe4.css → 200 (?ms, 31769B)
[2026-04-04T14:12:53.568Z] GET https://embed-cdn.spotifycdn.com/_next/static/css/07f092ee546380cb.css → 200 (?ms, 8710B)
[2026-04-04T14:12:53.568Z] GET https://embed-cdn.spotifycdn.com/_next/static/chunks/webpack-d9d3dd429211e803.js → 200 (?ms, 5865B)
[2026-04-04T14:12:53.568Z] GET https://embed-cdn.spotifycdn.com/_next/static/chunks/framework-620f5a608de00ff5.js → 200 (?ms, 190171B)
[2026-04-04T14:12:53.568Z] GET https://embed-cdn.spotifycdn.com/_next/static/chunks/main-9bce78ab34a15eec.js → 200 (?ms, 137820B)
[2026-04-04T14:12:53.568Z] GET https://embed-cdn.spotifycdn.com/_next/static/chunks/pages/_app-ffe4623b476ef8eb.js → 200 (?ms, 449168B)
[2026-04-04T14:12:53.568Z] GET https://embed-cdn.spotifycdn.com/_next/static/chunks/6ed1c7d2-38238716899ac8aa.js → 200 (?ms, 325842B)
[2026-04-04T14:12:53.569Z] GET https://embed-cdn.spotifycdn.com/_next/static/chunks/956ba4ca-2e2abba664776fd6.js → 200 (?ms, 8749B)
[2026-04-04T14:12:53.569Z] GET https://embed-cdn.spotifycdn.com/_next/static/chunks/6949-9bc20321f1d6c127.js → 200 (?ms, 12738B)
[2026-04-04T14:12:53.569Z] GET https://embed-cdn.spotifycdn.com/_next/static/chunks/4439-2961e3481bb14a91.js → 200 (?ms, 391271B)
[2026-04-04T14:12:53.569Z] GET https://embed-cdn.spotifycdn.com/_next/static/chunks/9582-17f1d23794c68087.js → 200 (?ms, 124566B)
[2026-04-04T14:12:53.569Z] GET https://embed-cdn.spotifycdn.com/_next/static/chunks/pages/track/%5Bid%5D-b7d0f087728e6fbd.js → 200 (?ms, 5010B)
[2026-04-04T14:12:53.569Z] GET https://embed-cdn.spotifycdn.com/_next/static/745cb9f8-15ca-41d8-8691-719795d77139/_buildManifest.js → 200 (?ms, 2838B)
[2026-04-04T14:12:53.569Z] GET https://embed-cdn.spotifycdn.com/_next/static/745cb9f8-15ca-41d8-8691-719795d77139/_ssgManifest.js → 200 (?ms, 77B)
[2026-04-04T14:12:53.580Z] GET blob:https://open.spotify.com/2a33ba95-fa67-4018-82b4-0ba9d6951483 → 200 (46ms, 10329B)
[2026-04-04T14:12:53.592Z] POST https://o22381.ingest.us.sentry.io/api/4505164808585216/envelope/?sentry_version=7&sentry_key=4cc707ab12ea4779b417479c0550a5cb&sentry_client=sentry.javascript.nextjs%2F10.45.0 → pending (?ms, ?B)
[2026-04-04T14:12:53.592Z] GET https://encore.scdn.co/fonts/CircularSp-Cyrl-Bold-7e54bccaf45728c472079785d5cd4519.woff → 200 (?ms, ?B)
[2026-04-04T14:12:53.592Z] GET https://encore.scdn.co/fonts/CircularSp-Cyrl-Book-6f078f781ee313e298ad8997fd1ffe3d.woff → 200 (?ms, ?B)
[2026-04-04T14:12:53.592Z] GET https://image-cdn-fa.spotifycdn.com/image/ab67616d00001e029d28fd01859073a3ae6ea209 → 200 (?ms, 63343B)
[2026-04-04T14:12:53.592Z] GET https://encore.scdn.co/fonts/SpotifyMixUI-Bold-4264b799009b1db5c491778b1bc8e5b7.woff2 → pending (?ms, ?B)
[2026-04-04T14:12:53.592Z] GET https://encore.scdn.co/fonts/SpotifyMixUI-Regular-cc3b1de388efa4cbca6c75cebc24585e.woff2 → pending (?ms, ?B)
[2026-04-04T14:12:53.599Z] POST https://o22381.ingest.us.sentry.io/api/4505164808585216/envelope/?sentry_version=7&sentry_key=4cc707ab12ea4779b417479c0550a5cb&sentry_client=sentry.javascript.nextjs%2F10.45.0 → pending (?ms, ?B)
[2026-04-04T14:12:53.599Z] POST https://o22381.ingest.us.sentry.io/api/4505164808585216/envelope/?sentry_version=7&sentry_key=4cc707ab12ea4779b417479c0550a5cb&sentry_client=sentry.javascript.nextjs%2F10.45.0 → pending (?ms, ?B)
[2026-04-04T14:12:53.628Z] GET https://apresolve.spotify.com/?type=dealer-g2&type=spclient → pending (?ms, ?B)
[2026-04-04T14:12:53.631Z] GET https://apresolve.spotify.com/?type=dealer-g2&type=spclient → pending (?ms, ?B)
[2026-04-04T14:12:53.631Z] GET https://embed-cdn.spotifycdn.com/_next/static/chunks/3327.b77ca16d39519caf.js → pending (?ms, ?B)
[2026-04-04T14:12:53.631Z] GET https://embed-cdn.spotifycdn.com/_next/static/chunks/3632.977b74740faf423f.js → pending (?ms, ?B)
[2026-04-04T14:12:53.631Z] GET https://embed-cdn.spotifycdn.com/_next/static/chunks/spotify_player_o.8d681c1354ecf96a.js → pending (?ms, ?B)
[2026-04-04T14:12:54.001Z] GET https://embed-cdn.spotifycdn.com/_next/static/css/1da87d2646b9222b.css → 200 (?ms, 154072B)
[2026-04-04T14:12:54.001Z] GET https://embed-cdn.spotifycdn.com/_next/static/css/cc1613d282eaabe4.css → 200 (?ms, 31769B)
[2026-04-04T14:12:54.002Z] GET https://embed-cdn.spotifycdn.com/_next/static/css/07f092ee546380cb.css → 200 (?ms, 8710B)
[2026-04-04T14:12:54.002Z] GET https://embed-cdn.spotifycdn.com/_next/static/chunks/webpack-d9d3dd429211e803.js → 200 (?ms, 5865B)
[2026-04-04T14:12:54.002Z] GET https://embed-cdn.spotifycdn.com/_next/static/chunks/framework-620f5a608de00ff5.js → 200 (?ms, 190171B)
[2026-04-04T14:12:54.002Z] GET https://embed-cdn.spotifycdn.com/_next/static/chunks/main-9bce78ab34a15eec.js → 200 (?ms, 137820B)
[2026-04-04T14:12:54.002Z] GET https://embed-cdn.spotifycdn.com/_next/static/chunks/pages/_app-ffe4623b476ef8eb.js → 200 (?ms, 449168B)
[2026-04-04T14:12:54.002Z] GET https://embed-cdn.spotifycdn.com/_next/static/chunks/6ed1c7d2-38238716899ac8aa.js → 200 (?ms, 325842B)
[2026-04-04T14:12:54.002Z] GET https://embed-cdn.spotifycdn.com/_next/static/chunks/956ba4ca-2e2abba664776fd6.js → 200 (1ms, 8749B)
[2026-04-04T14:12:54.003Z] GET https://embed-cdn.spotifycdn.com/_next/static/chunks/6949-9bc20321f1d6c127.js → 200 (?ms, 12738B)
[2026-04-04T14:12:54.003Z] GET https://embed-cdn.spotifycdn.com/_next/static/chunks/4439-2961e3481bb14a91.js → 200 (?ms, 391271B)
[2026-04-04T14:12:54.003Z] GET https://embed-cdn.spotifycdn.com/_next/static/chunks/9582-17f1d23794c68087.js → 200 (?ms, 124566B)
[2026-04-04T14:12:54.003Z] GET https://embed-cdn.spotifycdn.com/_next/static/chunks/pages/track/%5Bid%5D-b7d0f087728e6fbd.js → 200 (?ms, 5010B)
[2026-04-04T14:12:54.003Z] GET https://embed-cdn.spotifycdn.com/_next/static/745cb9f8-15ca-41d8-8691-719795d77139/_buildManifest.js → 200 (?ms, 2838B)
[2026-04-04T14:12:54.003Z] GET https://embed-cdn.spotifycdn.com/_next/static/745cb9f8-15ca-41d8-8691-719795d77139/_ssgManifest.js → 200 (?ms, 77B)
[2026-04-04T14:12:54.007Z] GET https://encore.scdn.co/fonts/CircularSp-Cyrl-Bold-7e54bccaf45728c472079785d5cd4519.woff → 200 (?ms, ?B)
[2026-04-04T14:12:54.007Z] GET https://encore.scdn.co/fonts/CircularSp-Cyrl-Book-6f078f781ee313e298ad8997fd1ffe3d.woff → 200 (?ms, ?B)
[2026-04-04T14:12:54.007Z] GET https://image-cdn-fa.spotifycdn.com/image/ab67616d00001e028508f29ab91bfcce74f86ef5 → 200 (1ms, 38965B)
[2026-04-04T14:12:54.033Z] GET blob:https://open.spotify.com/4819ae49-05cf-4ce2-b662-5c703e9beba3 → 200 (9ms, 10329B)
[2026-04-04T14:12:54.036Z] POST https://o22381.ingest.us.sentry.io/api/4505164808585216/envelope/?sentry_version=7&sentry_key=4cc707ab12ea4779b417479c0550a5cb&sentry_client=sentry.javascript.nextjs%2F10.45.0 → pending (?ms, ?B)
[2026-04-04T14:12:54.040Z] POST https://o22381.ingest.us.sentry.io/api/4505164808585216/envelope/?sentry_version=7&sentry_key=4cc707ab12ea4779b417479c0550a5cb&sentry_client=sentry.javascript.nextjs%2F10.45.0 → pending (?ms, ?B)
[2026-04-04T14:12:54.040Z] POST https://o22381.ingest.us.sentry.io/api/4505164808585216/envelope/?sentry_version=7&sentry_key=4cc707ab12ea4779b417479c0550a5cb&sentry_client=sentry.javascript.nextjs%2F10.45.0 → pending (?ms, ?B)
[2026-04-04T14:12:54.045Z] GET https://apresolve.spotify.com/?type=dealer-g2&type=spclient → pending (?ms, ?B)
[2026-04-04T14:12:54.047Z] GET https://apresolve.spotify.com/?type=dealer-g2&type=spclient → 200 (393ms, 288B)
[2026-04-04T14:12:54.047Z] GET https://embed-cdn.spotifycdn.com/_next/static/chunks/3327.b77ca16d39519caf.js → pending (?ms, ?B)
[2026-04-04T14:12:54.047Z] GET https://embed-cdn.spotifycdn.com/_next/static/chunks/3632.977b74740faf423f.js → pending (?ms, ?B)
[2026-04-04T14:12:54.047Z] GET https://embed-cdn.spotifycdn.com/_next/static/chunks/spotify_player_o.8d681c1354ecf96a.js → pending (?ms, ?B)
[2026-04-04T14:12:57.629Z] POST https://guc3-spclient.spotify.com/gabo-receiver-service/public/v3/events → pending (?ms, ?B)
[2026-04-04T14:12:57.630Z] POST https://guc3-spclient.spotify.com/gabo-receiver-service/public/v3/events → pending (?ms, ?B)
[2026-04-04T14:12:58.048Z] POST https://guc3-spclient.spotify.com/gabo-receiver-service/public/v3/events → pending (?ms, ?B)
[2026-04-04T14:12:58.048Z] POST https://guc3-spclient.spotify.com/gabo-receiver-service/public/v3/events → pending (?ms, ?B)
[2026-04-04T14:13:03.633Z] POST https://guc3-spclient.spotify.com/gabo-receiver-service/public/v3/events → pending (?ms, ?B)
[2026-04-04T14:13:04.048Z] POST https://guc3-spclient.spotify.com/gabo-receiver-service/public/v3/events → 200 (501ms, ?B)
[2026-04-04T14:13:04.550Z] POST https://guc3-spclient.spotify.com/gabo-receiver-service/public/v3/events → pending (?ms, 13B)
[2026-04-04T14:13:05.191Z] POST https://guc3-spclient.spotify.com/gabo-receiver-service/public/v3/events → 200 (373ms, 13B)
[2026-04-04T14:16:13.639Z] POST https://guc3-spclient.spotify.com/gabo-receiver-service/public/v3/events → pending (?ms, ?B)
[2026-04-04T14:16:14.047Z] POST https://guc3-spclient.spotify.com/gabo-receiver-service/public/v3/events → pending (?ms, ?B)
[2026-04-04T14:19:23.631Z] POST https://guc3-spclient.spotify.com/gabo-receiver-service/public/v3/events → pending (?ms, ?B)
[2026-04-04T14:19:24.046Z] POST https://guc3-spclient.spotify.com/gabo-receiver-service/public/v3/events → pending (?ms, ?B)
[2026-04-04T14:22:33.631Z] POST https://guc3-spclient.spotify.com/gabo-receiver-service/public/v3/events → pending (?ms, ?B)
[2026-04-04T14:22:34.044Z] POST https://guc3-spclient.spotify.com/gabo-receiver-service/public/v3/events → pending (?ms, ?B)
[2026-04-04T14:25:43.465Z] POST https://guc3-spclient.spotify.com/gabo-receiver-service/public/v3/events → pending (?ms, ?B)
[2026-04-04T14:25:43.880Z] POST https://guc3-spclient.spotify.com/gabo-receiver-service/public/v3/events → pending (?ms, ?B)
[2026-04-04T14:28:53.458Z] POST https://guc3-spclient.spotify.com/gabo-receiver-service/public/v3/events → pending (?ms, ?B)
[2026-04-04T14:28:53.873Z] POST https://guc3-spclient.spotify.com/gabo-receiver-service/public/v3/events → pending (?ms, ?B)
[2026-04-04T14:32:03.454Z] POST https://guc3-spclient.spotify.com/gabo-receiver-service/public/v3/events → pending (?ms, ?B)
[2026-04-04T14:32:03.868Z] POST https://guc3-spclient.spotify.com/gabo-receiver-service/public/v3/events → pending (?ms, ?B)
[2026-04-04T14:32:49.757Z] GET http://localhost:3000/_next/static/chunks/aileen_machina_aileena-new_app_globals_b11db9ec.css → 200 (18ms, 42185B)
[2026-04-04T14:32:49.757Z] GET https://image-cdn-fa.spotifycdn.com/image/ab67616d00001e028508f29ab91bfcce74f86ef5 → 200 (18ms, 38965B)
[2026-04-04T14:32:49.758Z] GET https://image-cdn-fa.spotifycdn.com/image/ab67616d00001e029d28fd01859073a3ae6ea209 → 200 (17ms, 63343B)
[2026-04-04T14:32:49.760Z] POST https://o22381.ingest.us.sentry.io/api/4505164808585216/envelope/?sentry_version=7&sentry_key=4cc707ab12ea4779b417479c0550a5cb&sentry_client=sentry.javascript.nextjs%2F10.45.0 → pending (?ms, ?B)
[2026-04-04T14:32:49.761Z] POST https://o22381.ingest.us.sentry.io/api/4505164808585216/envelope/?sentry_version=7&sentry_key=4cc707ab12ea4779b417479c0550a5cb&sentry_client=sentry.javascript.nextjs%2F10.45.0 → pending (?ms, ?B)
[2026-04-04T14:32:49.794Z] GET https://open.spotify.com/embed/track/4DBeUcBD2zVZzhf2oX1PLc?utm_source=iframe-api → pending (?ms, ?B)
[2026-04-04T14:32:49.795Z] GET https://open.spotify.com/embed/track/2pIUpMhHL6L9Z5lnKxJJr9?utm_source=iframe-api → pending (?ms, ?B)
[2026-04-04T14:32:49.795Z] GET http://localhost:3000/_next/static/chunks/aileen_machina_aileena-new_app_globals_b11db9ec.css → 200 (7ms, 42185B)
[2026-04-04T14:32:50.938Z] GET https://embed-cdn.spotifycdn.com/_next/static/css/1da87d2646b9222b.css → 200 (?ms, 154072B)
[2026-04-04T14:32:50.938Z] GET https://embed-cdn.spotifycdn.com/_next/static/css/cc1613d282eaabe4.css → 200 (?ms, 31769B)
[2026-04-04T14:32:50.938Z] GET https://embed-cdn.spotifycdn.com/_next/static/css/07f092ee546380cb.css → 200 (?ms, 8710B)
[2026-04-04T14:32:50.938Z] GET https://embed-cdn.spotifycdn.com/_next/static/chunks/webpack-d9d3dd429211e803.js → 200 (3ms, 5865B)
[2026-04-04T14:32:50.938Z] GET https://embed-cdn.spotifycdn.com/_next/static/chunks/framework-620f5a608de00ff5.js → 200 (11ms, 190171B)
[2026-04-04T14:32:50.938Z] GET https://embed-cdn.spotifycdn.com/_next/static/chunks/main-9bce78ab34a15eec.js → 200 (11ms, 137820B)
[2026-04-04T14:32:50.938Z] GET https://embed-cdn.spotifycdn.com/_next/static/chunks/pages/_app-ffe4623b476ef8eb.js → 200 (21ms, 449168B)
[2026-04-04T14:32:50.938Z] GET https://embed-cdn.spotifycdn.com/_next/static/chunks/6ed1c7d2-38238716899ac8aa.js → 200 (19ms, 325842B)
[2026-04-04T14:32:50.938Z] GET https://embed-cdn.spotifycdn.com/_next/static/chunks/956ba4ca-2e2abba664776fd6.js → 200 (11ms, 8749B)
[2026-04-04T14:32:50.938Z] GET https://embed-cdn.spotifycdn.com/_next/static/chunks/6949-9bc20321f1d6c127.js → 200 (18ms, 12738B)
[2026-04-04T14:32:50.938Z] GET https://embed-cdn.spotifycdn.com/_next/static/chunks/4439-2961e3481bb14a91.js → 200 (21ms, 391271B)
[2026-04-04T14:32:50.938Z] GET https://embed-cdn.spotifycdn.com/_next/static/chunks/9582-17f1d23794c68087.js → 200 (18ms, 124566B)
[2026-04-04T14:32:50.938Z] GET https://embed-cdn.spotifycdn.com/_next/static/chunks/pages/track/%5Bid%5D-b7d0f087728e6fbd.js → 200 (18ms, 5010B)
[2026-04-04T14:32:50.938Z] GET https://embed-cdn.spotifycdn.com/_next/static/745cb9f8-15ca-41d8-8691-719795d77139/_buildManifest.js → 200 (18ms, 2838B)
[2026-04-04T14:32:50.938Z] GET https://embed-cdn.spotifycdn.com/_next/static/745cb9f8-15ca-41d8-8691-719795d77139/_ssgManifest.js → 200 (18ms, 77B)
[2026-04-04T14:32:50.947Z] GET https://image-cdn-ak.spotifycdn.com/image/ab67616d00001e029d28fd01859073a3ae6ea209 → pending (?ms, ?B)
[2026-04-04T14:32:50.947Z] GET https://encore.scdn.co/fonts/SpotifyMixUI-Bold-4264b799009b1db5c491778b1bc8e5b7.woff2 → 200 (9ms, 41412B)
[2026-04-04T14:32:50.947Z] GET https://encore.scdn.co/fonts/SpotifyMixUI-Regular-cc3b1de388efa4cbca6c75cebc24585e.woff2 → 200 (8ms, 35596B)
[2026-04-04T14:32:50.963Z] GET blob:https://open.spotify.com/ee9850db-582b-4c63-af53-dd00853f94e9 → 200 (42ms, 10329B)
[2026-04-04T14:32:50.972Z] POST https://o22381.ingest.us.sentry.io/api/4505164808585216/envelope/?sentry_version=7&sentry_key=4cc707ab12ea4779b417479c0550a5cb&sentry_client=sentry.javascript.nextjs%2F10.45.0 → pending (?ms, ?B)
[2026-04-04T14:32:50.979Z] POST https://o22381.ingest.us.sentry.io/api/4505164808585216/envelope/?sentry_version=7&sentry_key=4cc707ab12ea4779b417479c0550a5cb&sentry_client=sentry.javascript.nextjs%2F10.45.0 → pending (?ms, ?B)
[2026-04-04T14:32:50.979Z] POST https://o22381.ingest.us.sentry.io/api/4505164808585216/envelope/?sentry_version=7&sentry_key=4cc707ab12ea4779b417479c0550a5cb&sentry_client=sentry.javascript.nextjs%2F10.45.0 → pending (?ms, ?B)
[2026-04-04T14:32:51.005Z] GET https://apresolve.spotify.com/?type=dealer-g2&type=spclient → pending (?ms, ?B)
[2026-04-04T14:32:51.007Z] GET https://apresolve.spotify.com/?type=dealer-g2&type=spclient → pending (?ms, ?B)
[2026-04-04T14:32:51.007Z] GET https://embed-cdn.spotifycdn.com/_next/static/chunks/3327.b77ca16d39519caf.js → pending (?ms, ?B)
[2026-04-04T14:32:51.007Z] GET https://embed-cdn.spotifycdn.com/_next/static/chunks/3632.977b74740faf423f.js → pending (?ms, ?B)
[2026-04-04T14:32:51.007Z] GET https://embed-cdn.spotifycdn.com/_next/static/chunks/spotify_player_o.8d681c1354ecf96a.js → pending (?ms, ?B)
[2026-04-04T14:32:51.184Z] GET https://embed-cdn.spotifycdn.com/_next/static/css/1da87d2646b9222b.css → 200 (?ms, 154072B)
[2026-04-04T14:32:51.184Z] GET https://embed-cdn.spotifycdn.com/_next/static/css/cc1613d282eaabe4.css → 200 (?ms, 31769B)
[2026-04-04T14:32:51.184Z] GET https://embed-cdn.spotifycdn.com/_next/static/css/07f092ee546380cb.css → 200 (?ms, 8710B)
[2026-04-04T14:32:51.184Z] GET https://embed-cdn.spotifycdn.com/_next/static/chunks/webpack-d9d3dd429211e803.js → 200 (?ms, 5865B)
[2026-04-04T14:32:51.184Z] GET https://embed-cdn.spotifycdn.com/_next/static/chunks/framework-620f5a608de00ff5.js → 200 (?ms, 190171B)
[2026-04-04T14:32:51.184Z] GET https://embed-cdn.spotifycdn.com/_next/static/chunks/main-9bce78ab34a15eec.js → 200 (?ms, 137820B)
[2026-04-04T14:32:51.184Z] GET https://embed-cdn.spotifycdn.com/_next/static/chunks/pages/_app-ffe4623b476ef8eb.js → 200 (?ms, 449168B)
[2026-04-04T14:32:51.185Z] GET https://embed-cdn.spotifycdn.com/_next/static/chunks/6ed1c7d2-38238716899ac8aa.js → 200 (?ms, 325842B)
[2026-04-04T14:32:51.185Z] GET https://embed-cdn.spotifycdn.com/_next/static/chunks/956ba4ca-2e2abba664776fd6.js → 200 (?ms, 8749B)
[2026-04-04T14:32:51.185Z] GET https://embed-cdn.spotifycdn.com/_next/static/chunks/6949-9bc20321f1d6c127.js → 200 (?ms, 12738B)
[2026-04-04T14:32:51.185Z] GET https://embed-cdn.spotifycdn.com/_next/static/chunks/4439-2961e3481bb14a91.js → 200 (?ms, 391271B)
[2026-04-04T14:32:51.185Z] GET https://embed-cdn.spotifycdn.com/_next/static/chunks/9582-17f1d23794c68087.js → 200 (?ms, 124566B)
[2026-04-04T14:32:51.185Z] GET https://embed-cdn.spotifycdn.com/_next/static/chunks/pages/track/%5Bid%5D-b7d0f087728e6fbd.js → 200 (?ms, 5010B)
[2026-04-04T14:32:51.185Z] GET https://embed-cdn.spotifycdn.com/_next/static/745cb9f8-15ca-41d8-8691-719795d77139/_buildManifest.js → 200 (?ms, 2838B)
[2026-04-04T14:32:51.186Z] GET https://embed-cdn.spotifycdn.com/_next/static/745cb9f8-15ca-41d8-8691-719795d77139/_ssgManifest.js → 200 (?ms, 77B)
[2026-04-04T14:32:51.190Z] GET blob:https://open.spotify.com/45fd5993-17ba-4ba0-aaae-9cf3010e390a → 200 (39ms, 10329B)
[2026-04-04T14:32:51.196Z] POST https://o22381.ingest.us.sentry.io/api/4505164808585216/envelope/?sentry_version=7&sentry_key=4cc707ab12ea4779b417479c0550a5cb&sentry_client=sentry.javascript.nextjs%2F10.45.0 → pending (?ms, ?B)
[2026-04-04T14:32:51.196Z] GET https://encore.scdn.co/fonts/SpotifyMixUI-Bold-4264b799009b1db5c491778b1bc8e5b7.woff2 → 200 (?ms, ?B)
[2026-04-04T14:32:51.196Z] GET https://encore.scdn.co/fonts/SpotifyMixUI-Regular-cc3b1de388efa4cbca6c75cebc24585e.woff2 → 200 (?ms, ?B)
[2026-04-04T14:32:51.196Z] GET https://image-cdn-ak.spotifycdn.com/image/ab67616d00001e028508f29ab91bfcce74f86ef5 → pending (?ms, ?B)
[2026-04-04T14:32:51.206Z] POST https://o22381.ingest.us.sentry.io/api/4505164808585216/envelope/?sentry_version=7&sentry_key=4cc707ab12ea4779b417479c0550a5cb&sentry_client=sentry.javascript.nextjs%2F10.45.0 → pending (?ms, ?B)
[2026-04-04T14:32:51.206Z] POST https://o22381.ingest.us.sentry.io/api/4505164808585216/envelope/?sentry_version=7&sentry_key=4cc707ab12ea4779b417479c0550a5cb&sentry_client=sentry.javascript.nextjs%2F10.45.0 → pending (?ms, ?B)
[2026-04-04T14:32:51.232Z] GET https://apresolve.spotify.com/?type=dealer-g2&type=spclient → pending (?ms, ?B)
[2026-04-04T14:32:51.235Z] GET https://apresolve.spotify.com/?type=dealer-g2&type=spclient → pending (?ms, ?B)
[2026-04-04T14:32:51.235Z] GET https://embed-cdn.spotifycdn.com/_next/static/chunks/3327.b77ca16d39519caf.js → pending (?ms, ?B)
[2026-04-04T14:32:51.235Z] GET https://embed-cdn.spotifycdn.com/_next/static/chunks/3632.977b74740faf423f.js → pending (?ms, ?B)
[2026-04-04T14:32:51.235Z] GET https://embed-cdn.spotifycdn.com/_next/static/chunks/spotify_player_o.8d681c1354ecf96a.js → pending (?ms, ?B)
[2026-04-04T14:32:55.006Z] POST https://guc3-spclient.spotify.com/gabo-receiver-service/public/v3/events → pending (?ms, ?B)
[2026-04-04T14:32:55.006Z] POST https://guc3-spclient.spotify.com/gabo-receiver-service/public/v3/events → pending (?ms, ?B)
[2026-04-04T14:32:55.236Z] POST https://guc3-spclient.spotify.com/gabo-receiver-service/public/v3/events → pending (?ms, ?B)
[2026-04-04T14:32:55.236Z] POST https://guc3-spclient.spotify.com/gabo-receiver-service/public/v3/events → pending (?ms, ?B)
[2026-04-04T14:33:01.009Z] POST https://guc3-spclient.spotify.com/gabo-receiver-service/public/v3/events → pending (?ms, ?B)
[2026-04-04T14:33:01.236Z] POST https://guc3-spclient.spotify.com/gabo-receiver-service/public/v3/events → pending (?ms, ?B)
[2026-04-04T14:33:02.013Z] POST https://guc3-spclient.spotify.com/gabo-receiver-service/public/v3/events → pending (?ms, 13B)
[2026-04-04T14:33:02.731Z] POST https://guc3-spclient.spotify.com/gabo-receiver-service/public/v3/events → 200 (408ms, 13B)
[2026-04-04T14:36:11.005Z] POST https://guc3-spclient.spotify.com/gabo-receiver-service/public/v3/events → pending (?ms, ?B)
[2026-04-04T14:36:11.231Z] POST https://guc3-spclient.spotify.com/gabo-receiver-service/public/v3/events → pending (?ms, ?B)
[2026-04-04T14:39:21.002Z] POST https://guc3-spclient.spotify.com/gabo-receiver-service/public/v3/events → 200 (846ms, 13B)
[2026-04-04T14:39:21.227Z] POST https://guc3-spclient.spotify.com/gabo-receiver-service/public/v3/events → 200 (620ms, 13B)
[2026-04-04T14:42:30.975Z] POST https://guc3-spclient.spotify.com/gabo-receiver-service/public/v3/events → pending (?ms, ?B)
[2026-04-04T14:42:31.201Z] POST https://guc3-spclient.spotify.com/gabo-receiver-service/public/v3/events → pending (?ms, ?B)
